\BOOKMARK [1][-]{section.0.1}{Review\040of\040groups}{}% 1
\BOOKMARK [1][-]{section.0.2}{Review\040of\040rings}{}% 2
\BOOKMARK [-1][-]{part.3}{Part\0403.\040\040MODULES\040AND\040VECTOR\040SPACES}{}% 3
\BOOKMARK [0][-]{chapter.10}{Chapter\04010.\040Introduction\040to\040module\040theory}{part.3}% 4
\BOOKMARK [1][-]{section.10.1}{Basic\040definitions\040and\040examples}{chapter.10}% 5
\BOOKMARK [1][-]{section.10.2}{Quotient\040modules\040and\040module\040homomorphisms}{chapter.10}% 6
\BOOKMARK [1][-]{section.10.3}{Generation\040of\040modules,\040direct\040sums,\040and\040free\040modules}{chapter.10}% 7
\BOOKMARK [1][-]{section.10.4}{Tensor\040products\040of\040modules}{chapter.10}% 8
\BOOKMARK [1][-]{section.10.5}{Exact\040sequences\040and\040tensor\040algebras}{chapter.10}% 9
\BOOKMARK [0][-]{chapter.11}{Chapter\04011.\040Vector\040spaces}{part.3}% 10
\BOOKMARK [1][-]{section.11.1}{Definitions\040and\040basic\040theory}{chapter.11}% 11
\BOOKMARK [1][-]{section.11.2}{The\040matrix\040of\040a\040linear\040transformation}{chapter.11}% 12
\BOOKMARK [1][-]{section.11.3}{Dual\040vector\040spaces}{chapter.11}% 13
\BOOKMARK [1][-]{section.11.4}{Determinants}{chapter.11}% 14
\BOOKMARK [1][-]{section.11.5}{Tensor\040algebras,\040symmetric\040and\040exterior\040algebras}{chapter.11}% 15
\BOOKMARK [0][-]{chapter.12}{Chapter\04012.\040Modules\040over\040principal\040ideal\040domains}{part.3}% 16
\BOOKMARK [1][-]{section.12.1}{The\040basic\040theory}{chapter.12}% 17
\BOOKMARK [1][-]{section.12.2}{The\040rational\040canonical\040form}{chapter.12}% 18
\BOOKMARK [-1][-]{part.4}{Part\0404.\040\040FIELD\040THEORY\040AND\040GALOIS\040THEORY}{}% 19
\BOOKMARK [0][-]{chapter.13}{Chapter\04013.\040Field\040theory}{part.4}% 20
\BOOKMARK [1][-]{section.13.0}{Overview\040of\040Galois\040theory}{chapter.13}% 21
\BOOKMARK [1][-]{section.13.1}{Basic\040theory\040of\040field\040extensions}{chapter.13}% 22
\BOOKMARK [1][-]{section.13.2}{Algebraic\040extensions}{chapter.13}% 23
\BOOKMARK [1][-]{section.13.3}{Classical\040straightedge\040and\040compass\040constructions}{chapter.13}% 24
\BOOKMARK [1][-]{section.13.4}{Splitting\040fields\040and\040algebraic\040closures}{chapter.13}% 25
\BOOKMARK [1][-]{section.13.5}{13.5\040Exercises}{chapter.13}% 26
\BOOKMARK [1][-]{section.13.6}{Cyclotomic\040polynomials\040and\040extensions}{chapter.13}% 27
\BOOKMARK [0][-]{chapter.14}{Chapter\04014.\040Galois\040theory}{part.4}% 28
\BOOKMARK [1][-]{section.14.1}{Basic\040definitions}{chapter.14}% 29
\BOOKMARK [1][-]{section.14.3}{Finite\040fields}{chapter.14}% 30
\BOOKMARK [1][-]{section.14.4}{Composite\040extensions\040and\040simple\040extensions}{chapter.14}% 31
\BOOKMARK [1][-]{section.14.5}{Cyclotomic\040extensions\040and\040abelian\040extensions\040over\040Q}{chapter.14}% 32
\BOOKMARK [1][-]{section.14.6}{Galois\040groups\040of\040polynomials}{chapter.14}% 33
\BOOKMARK [0][-]{appendix.A}{Appendix\040A.\040Category\040theory}{part.4}% 34
\BOOKMARK [0][-]{appendix.B}{Appendix\040B.\040Sample\040problems\040to\040midterm\040I}{part.4}% 35
\BOOKMARK [0][-]{appendix.C}{Appendix\040C.\040Common\040exam\040mistakes}{part.4}% 36
\BOOKMARK [0][-]{appendix.D}{Appendix\040D.\040Sample\040problems\040to\040midterm\040II}{part.4}% 37
\BOOKMARK [0][-]{appendix.E}{Appendix\040E.\040Tensors\040outside\040of\040algebra}{part.4}% 38
\BOOKMARK [0][-]{appendix.F}{Appendix\040F.\040Sample\040problems\040to\040midterm\040III}{part.4}% 39
\BOOKMARK [0][-]{appendix.G}{Appendix\040G.\040Sample\040problems\040to\040final}{part.4}% 40
\BOOKMARK [0][-]{appendix.H}{Appendix\040H.\040Module\040theory\040definitions\040and\040results}{part.4}% 41
\BOOKMARK [0][-]{appendix.I}{Appendix\040I.\040Field\040theory\040definitions\040and\040results}{part.4}% 42
\BOOKMARK [0][-]{appendix*.1}{Index}{part.4}% 43
