This is pdfTeX, Version 3.14159265-2.6-1.40.16 (MiKTeX 2.9 64-bit) (preloaded format=pdflatex 2016.1.11)  11 JAN 2016 22:43
entering extended mode
**"./Mathematics 2182H META.tex"
("Mathematics 2182H META.tex"
LaTeX2e <2015/10/01> patch level 2
Babel <3.9m> and hyphenation patterns for 69 languages loaded.
("C:\Users\d\AppData\Local\Programs\MiKTeX 2.9\tex\latex\base\article.cls"
Document Class: article 2014/09/29 v1.4h Standard LaTeX document class
("C:\Users\d\AppData\Local\Programs\MiKTeX 2.9\tex\latex\base\size12.clo"
File: size12.clo 2014/09/29 v1.4h Standard LaTeX file (size option)
)
\c@part=\count79
\c@section=\count80
\c@subsection=\count81
\c@subsubsection=\count82
\c@paragraph=\count83
\c@subparagraph=\count84
\c@figure=\count85
\c@table=\count86
\abovecaptionskip=\skip41
\belowcaptionskip=\skip42
\bibindent=\dimen102
)
("C:\Users\d\AppData\Local\Programs\MiKTeX 2.9\tex\latex\pgf\frontendlayer\tikz
.sty"
("C:\Users\d\AppData\Local\Programs\MiKTeX 2.9\tex\latex\pgf\basiclayer\pgf.sty
"
("C:\Users\d\AppData\Local\Programs\MiKTeX 2.9\tex\latex\pgf\utilities\pgfrcs.s
ty"
("C:\Users\d\AppData\Local\Programs\MiKTeX 2.9\tex\generic\pgf\utilities\pgfuti
l-common.tex"
\pgfutil@everybye=\toks14
\pgfutil@tempdima=\dimen103
\pgfutil@tempdimb=\dimen104

("C:\Users\d\AppData\Local\Programs\MiKTeX 2.9\tex\generic\pgf\utilities\pgfuti
l-common-lists.tex"))
("C:\Users\d\AppData\Local\Programs\MiKTeX 2.9\tex\generic\pgf\utilities\pgfuti
l-latex.def"
\pgfutil@abb=\box26

("C:\Users\d\AppData\Local\Programs\MiKTeX 2.9\tex\latex\ms\everyshi.sty"
Package: everyshi 2001/05/15 v3.00 EveryShipout Package (MS)
))
("C:\Users\d\AppData\Local\Programs\MiKTeX 2.9\tex\generic\pgf\utilities\pgfrcs
.code.tex"
Package: pgfrcs 2015/08/07 v3.0.1a (rcs-revision 1.31)
))
Package: pgf 2015/08/07 v3.0.1a (rcs-revision 1.15)

("C:\Users\d\AppData\Local\Programs\MiKTeX 2.9\tex\latex\pgf\basiclayer\pgfcore
.sty"
("C:\Users\d\AppData\Local\Programs\MiKTeX 2.9\tex\latex\graphics\graphicx.sty"
Package: graphicx 2014/10/28 v1.0g Enhanced LaTeX Graphics (DPC,SPQR)
("C:\Users\d\AppData\Local\Programs\MiKTeX 2.9\tex\latex\graphics\keyval.sty"
Package: keyval 2014/10/28 v1.15 key=value parser (DPC)
\KV@toks@=\toks15
)
("C:\Users\d\AppData\Local\Programs\MiKTeX 2.9\tex\latex\graphics\graphics.sty"
Package: graphics 2014/10/28 v1.0p Standard LaTeX Graphics (DPC,SPQR)
("C:\Users\d\AppData\Local\Programs\MiKTeX 2.9\tex\latex\graphics\trig.sty"
Package: trig 1999/03/16 v1.09 sin cos tan (DPC)
)
("C:\Users\d\AppData\Local\Programs\MiKTeX 2.9\tex\latex\00miktex\graphics.cfg"
File: graphics.cfg 2007/01/18 v1.5 graphics configuration of teTeX/TeXLive
)
Package graphics Info: Driver file: pdftex.def on input line 94.
 ("C:\Users\d\AppData\Local\Programs\MiKTeX 2.9\tex\latex\pdftex-def\pdftex.def
"
File: pdftex.def 2011/05/27 v0.06d Graphics/color for pdfTeX

("C:\Users\d\AppData\Local\Programs\MiKTeX 2.9\tex\generic\oberdiek\infwarerr.s
ty"
Package: infwarerr 2010/04/08 v1.3 Providing info/warning/error messages (HO)
)
("C:\Users\d\AppData\Local\Programs\MiKTeX 2.9\tex\generic\oberdiek\ltxcmds.sty
"
Package: ltxcmds 2011/11/09 v1.22 LaTeX kernel commands for general use (HO)
)
\Gread@gobject=\count87
))
\Gin@req@height=\dimen105
\Gin@req@width=\dimen106
)
("C:\Users\d\AppData\Local\Programs\MiKTeX 2.9\tex\latex\pgf\systemlayer\pgfsys
.sty"
("C:\Users\d\AppData\Local\Programs\MiKTeX 2.9\tex\generic\pgf\systemlayer\pgfs
ys.code.tex"
Package: pgfsys 2014/07/09 v3.0.1a (rcs-revision 1.48)

("C:\Users\d\AppData\Local\Programs\MiKTeX 2.9\tex\generic\pgf\utilities\pgfkey
s.code.tex"
\pgfkeys@pathtoks=\toks16
\pgfkeys@temptoks=\toks17

("C:\Users\d\AppData\Local\Programs\MiKTeX 2.9\tex\generic\pgf\utilities\pgfkey
sfiltered.code.tex"
\pgfkeys@tmptoks=\toks18
))
\pgf@x=\dimen107
\pgf@y=\dimen108
\pgf@xa=\dimen109
\pgf@ya=\dimen110
\pgf@xb=\dimen111
\pgf@yb=\dimen112
\pgf@xc=\dimen113
\pgf@yc=\dimen114
\w@pgf@writea=\write3
\r@pgf@reada=\read1
\c@pgf@counta=\count88
\c@pgf@countb=\count89
\c@pgf@countc=\count90
\c@pgf@countd=\count91
\t@pgf@toka=\toks19
\t@pgf@tokb=\toks20
\t@pgf@tokc=\toks21

("C:\Users\d\AppData\Local\Programs\MiKTeX 2.9\tex\generic\pgf\systemlayer\pgf.
cfg"
File: pgf.cfg 2008/05/14  (rcs-revision 1.7)
)
Driver file for pgf: pgfsys-pdftex.def

("C:\Users\d\AppData\Local\Programs\MiKTeX 2.9\tex\generic\pgf\systemlayer\pgfs
ys-pdftex.def"
File: pgfsys-pdftex.def 2014/10/11  (rcs-revision 1.35)

("C:\Users\d\AppData\Local\Programs\MiKTeX 2.9\tex\generic\pgf\systemlayer\pgfs
ys-common-pdf.def"
File: pgfsys-common-pdf.def 2013/10/10  (rcs-revision 1.13)
)))
("C:\Users\d\AppData\Local\Programs\MiKTeX 2.9\tex\generic\pgf\systemlayer\pgfs
yssoftpath.code.tex"
File: pgfsyssoftpath.code.tex 2013/09/09  (rcs-revision 1.9)
\pgfsyssoftpath@smallbuffer@items=\count92
\pgfsyssoftpath@bigbuffer@items=\count93
)
("C:\Users\d\AppData\Local\Programs\MiKTeX 2.9\tex\generic\pgf\systemlayer\pgfs
ysprotocol.code.tex"
File: pgfsysprotocol.code.tex 2006/10/16  (rcs-revision 1.4)
))
("C:\Users\d\AppData\Local\Programs\MiKTeX 2.9\tex\latex\xcolor\xcolor.sty"
Package: xcolor 2007/01/21 v2.11 LaTeX color extensions (UK)

("C:\Users\d\AppData\Local\Programs\MiKTeX 2.9\tex\latex\00miktex\color.cfg"
File: color.cfg 2007/01/18 v1.5 color configuration of teTeX/TeXLive
)
Package xcolor Info: Driver file: pdftex.def on input line 225.
Package xcolor Info: Model `cmy' substituted by `cmy0' on input line 1337.
Package xcolor Info: Model `hsb' substituted by `rgb' on input line 1341.
Package xcolor Info: Model `RGB' extended on input line 1353.
Package xcolor Info: Model `HTML' substituted by `rgb' on input line 1355.
Package xcolor Info: Model `Hsb' substituted by `hsb' on input line 1356.
Package xcolor Info: Model `tHsb' substituted by `hsb' on input line 1357.
Package xcolor Info: Model `HSB' substituted by `hsb' on input line 1358.
Package xcolor Info: Model `Gray' substituted by `gray' on input line 1359.
Package xcolor Info: Model `wave' substituted by `hsb' on input line 1360.
)
("C:\Users\d\AppData\Local\Programs\MiKTeX 2.9\tex\generic\pgf\basiclayer\pgfco
re.code.tex"
Package: pgfcore 2010/04/11 v3.0.1a (rcs-revision 1.7)

("C:\Users\d\AppData\Local\Programs\MiKTeX 2.9\tex\generic\pgf\math\pgfmath.cod
e.tex"
("C:\Users\d\AppData\Local\Programs\MiKTeX 2.9\tex\generic\pgf\math\pgfmathcalc
.code.tex"
("C:\Users\d\AppData\Local\Programs\MiKTeX 2.9\tex\generic\pgf\math\pgfmathutil
.code.tex")
("C:\Users\d\AppData\Local\Programs\MiKTeX 2.9\tex\generic\pgf\math\pgfmathpars
er.code.tex"
\pgfmath@dimen=\dimen115
\pgfmath@count=\count94
\pgfmath@box=\box27
\pgfmath@toks=\toks22
\pgfmath@stack@operand=\toks23
\pgfmath@stack@operation=\toks24
)
("C:\Users\d\AppData\Local\Programs\MiKTeX 2.9\tex\generic\pgf\math\pgfmathfunc
tions.code.tex"
("C:\Users\d\AppData\Local\Programs\MiKTeX 2.9\tex\generic\pgf\math\pgfmathfunc
tions.basic.code.tex")
("C:\Users\d\AppData\Local\Programs\MiKTeX 2.9\tex\generic\pgf\math\pgfmathfunc
tions.trigonometric.code.tex")
("C:\Users\d\AppData\Local\Programs\MiKTeX 2.9\tex\generic\pgf\math\pgfmathfunc
tions.random.code.tex")
("C:\Users\d\AppData\Local\Programs\MiKTeX 2.9\tex\generic\pgf\math\pgfmathfunc
tions.comparison.code.tex")
("C:\Users\d\AppData\Local\Programs\MiKTeX 2.9\tex\generic\pgf\math\pgfmathfunc
tions.base.code.tex")
("C:\Users\d\AppData\Local\Programs\MiKTeX 2.9\tex\generic\pgf\math\pgfmathfunc
tions.round.code.tex")
("C:\Users\d\AppData\Local\Programs\MiKTeX 2.9\tex\generic\pgf\math\pgfmathfunc
tions.misc.code.tex")
("C:\Users\d\AppData\Local\Programs\MiKTeX 2.9\tex\generic\pgf\math\pgfmathfunc
tions.integerarithmetics.code.tex")))
("C:\Users\d\AppData\Local\Programs\MiKTeX 2.9\tex\generic\pgf\math\pgfmathfloa
t.code.tex"
\c@pgfmathroundto@lastzeros=\count95
))
("C:\Users\d\AppData\Local\Programs\MiKTeX 2.9\tex\generic\pgf\basiclayer\pgfco
repoints.code.tex"
File: pgfcorepoints.code.tex 2013/10/07  (rcs-revision 1.27)
\pgf@picminx=\dimen116
\pgf@picmaxx=\dimen117
\pgf@picminy=\dimen118
\pgf@picmaxy=\dimen119
\pgf@pathminx=\dimen120
\pgf@pathmaxx=\dimen121
\pgf@pathminy=\dimen122
\pgf@pathmaxy=\dimen123
\pgf@xx=\dimen124
\pgf@xy=\dimen125
\pgf@yx=\dimen126
\pgf@yy=\dimen127
\pgf@zx=\dimen128
\pgf@zy=\dimen129
)
("C:\Users\d\AppData\Local\Programs\MiKTeX 2.9\tex\generic\pgf\basiclayer\pgfco
repathconstruct.code.tex"
File: pgfcorepathconstruct.code.tex 2013/10/07  (rcs-revision 1.29)
\pgf@path@lastx=\dimen130
\pgf@path@lasty=\dimen131
)
("C:\Users\d\AppData\Local\Programs\MiKTeX 2.9\tex\generic\pgf\basiclayer\pgfco
repathusage.code.tex"
File: pgfcorepathusage.code.tex 2014/11/02  (rcs-revision 1.24)
\pgf@shorten@end@additional=\dimen132
\pgf@shorten@start@additional=\dimen133
)
("C:\Users\d\AppData\Local\Programs\MiKTeX 2.9\tex\generic\pgf\basiclayer\pgfco
rescopes.code.tex"
File: pgfcorescopes.code.tex 2015/05/08  (rcs-revision 1.46)
\pgfpic=\box28
\pgf@hbox=\box29
\pgf@layerbox@main=\box30
\pgf@picture@serial@count=\count96
)
("C:\Users\d\AppData\Local\Programs\MiKTeX 2.9\tex\generic\pgf\basiclayer\pgfco
regraphicstate.code.tex"
File: pgfcoregraphicstate.code.tex 2014/11/02  (rcs-revision 1.12)
\pgflinewidth=\dimen134
)
("C:\Users\d\AppData\Local\Programs\MiKTeX 2.9\tex\generic\pgf\basiclayer\pgfco
retransformations.code.tex"
File: pgfcoretransformations.code.tex 2015/08/07  (rcs-revision 1.20)
\pgf@pt@x=\dimen135
\pgf@pt@y=\dimen136
\pgf@pt@temp=\dimen137
)
("C:\Users\d\AppData\Local\Programs\MiKTeX 2.9\tex\generic\pgf\basiclayer\pgfco
requick.code.tex"
File: pgfcorequick.code.tex 2008/10/09  (rcs-revision 1.3)
)
("C:\Users\d\AppData\Local\Programs\MiKTeX 2.9\tex\generic\pgf\basiclayer\pgfco
reobjects.code.tex"
File: pgfcoreobjects.code.tex 2006/10/11  (rcs-revision 1.2)
)
("C:\Users\d\AppData\Local\Programs\MiKTeX 2.9\tex\generic\pgf\basiclayer\pgfco
repathprocessing.code.tex"
File: pgfcorepathprocessing.code.tex 2013/09/09  (rcs-revision 1.9)
)
("C:\Users\d\AppData\Local\Programs\MiKTeX 2.9\tex\generic\pgf\basiclayer\pgfco
rearrows.code.tex"
File: pgfcorearrows.code.tex 2015/05/14  (rcs-revision 1.43)
\pgfarrowsep=\dimen138
)
("C:\Users\d\AppData\Local\Programs\MiKTeX 2.9\tex\generic\pgf\basiclayer\pgfco
reshade.code.tex"
File: pgfcoreshade.code.tex 2013/07/15  (rcs-revision 1.15)
\pgf@max=\dimen139
\pgf@sys@shading@range@num=\count97
)
("C:\Users\d\AppData\Local\Programs\MiKTeX 2.9\tex\generic\pgf\basiclayer\pgfco
reimage.code.tex"
File: pgfcoreimage.code.tex 2013/07/15  (rcs-revision 1.18)

("C:\Users\d\AppData\Local\Programs\MiKTeX 2.9\tex\generic\pgf\basiclayer\pgfco
reexternal.code.tex"
File: pgfcoreexternal.code.tex 2014/07/09  (rcs-revision 1.21)
\pgfexternal@startupbox=\box31
))
("C:\Users\d\AppData\Local\Programs\MiKTeX 2.9\tex\generic\pgf\basiclayer\pgfco
relayers.code.tex"
File: pgfcorelayers.code.tex 2013/07/18  (rcs-revision 1.7)
)
("C:\Users\d\AppData\Local\Programs\MiKTeX 2.9\tex\generic\pgf\basiclayer\pgfco
retransparency.code.tex"
File: pgfcoretransparency.code.tex 2013/09/30  (rcs-revision 1.5)
)
("C:\Users\d\AppData\Local\Programs\MiKTeX 2.9\tex\generic\pgf\basiclayer\pgfco
repatterns.code.tex"
File: pgfcorepatterns.code.tex 2013/11/07  (rcs-revision 1.5)
)))
("C:\Users\d\AppData\Local\Programs\MiKTeX 2.9\tex\generic\pgf\modules\pgfmodul
eshapes.code.tex"
File: pgfmoduleshapes.code.tex 2014/03/21  (rcs-revision 1.35)
\pgfnodeparttextbox=\box32
)
("C:\Users\d\AppData\Local\Programs\MiKTeX 2.9\tex\generic\pgf\modules\pgfmodul
eplot.code.tex"
File: pgfmoduleplot.code.tex 2015/08/03  (rcs-revision 1.13)
)
("C:\Users\d\AppData\Local\Programs\MiKTeX 2.9\tex\latex\pgf\compatibility\pgfc
omp-version-0-65.sty"
Package: pgfcomp-version-0-65 2007/07/03 v3.0.1a (rcs-revision 1.7)
\pgf@nodesepstart=\dimen140
\pgf@nodesepend=\dimen141
)
("C:\Users\d\AppData\Local\Programs\MiKTeX 2.9\tex\latex\pgf\compatibility\pgfc
omp-version-1-18.sty"
Package: pgfcomp-version-1-18 2007/07/23 v3.0.1a (rcs-revision 1.1)
))
("C:\Users\d\AppData\Local\Programs\MiKTeX 2.9\tex\latex\pgf\utilities\pgffor.s
ty"
("C:\Users\d\AppData\Local\Programs\MiKTeX 2.9\tex\latex\pgf\utilities\pgfkeys.
sty"
("C:\Users\d\AppData\Local\Programs\MiKTeX 2.9\tex\generic\pgf\utilities\pgfkey
s.code.tex"))
("C:\Users\d\AppData\Local\Programs\MiKTeX 2.9\tex\latex\pgf\math\pgfmath.sty"
("C:\Users\d\AppData\Local\Programs\MiKTeX 2.9\tex\generic\pgf\math\pgfmath.cod
e.tex"))
("C:\Users\d\AppData\Local\Programs\MiKTeX 2.9\tex\generic\pgf\utilities\pgffor
.code.tex"
Package: pgffor 2013/12/13 v3.0.1a (rcs-revision 1.25)

("C:\Users\d\AppData\Local\Programs\MiKTeX 2.9\tex\generic\pgf\math\pgfmath.cod
e.tex")
\pgffor@iter=\dimen142
\pgffor@skip=\dimen143
\pgffor@stack=\toks25
\pgffor@toks=\toks26
))
("C:\Users\d\AppData\Local\Programs\MiKTeX 2.9\tex\generic\pgf\frontendlayer\ti
kz\tikz.code.tex"
Package: tikz 2015/08/07 v3.0.1a (rcs-revision 1.151)

("C:\Users\d\AppData\Local\Programs\MiKTeX 2.9\tex\generic\pgf\libraries\pgflib
raryplothandlers.code.tex"
File: pgflibraryplothandlers.code.tex 2013/08/31 v3.0.1a (rcs-revision 1.20)
\pgf@plot@mark@count=\count98
\pgfplotmarksize=\dimen144
)
\tikz@lastx=\dimen145
\tikz@lasty=\dimen146
\tikz@lastxsaved=\dimen147
\tikz@lastysaved=\dimen148
\tikzleveldistance=\dimen149
\tikzsiblingdistance=\dimen150
\tikz@figbox=\box33
\tikz@figbox@bg=\box34
\tikz@tempbox=\box35
\tikz@tempbox@bg=\box36
\tikztreelevel=\count99
\tikznumberofchildren=\count100
\tikznumberofcurrentchild=\count101
\tikz@fig@count=\count102

("C:\Users\d\AppData\Local\Programs\MiKTeX 2.9\tex\generic\pgf\modules\pgfmodul
ematrix.code.tex"
File: pgfmodulematrix.code.tex 2013/09/17  (rcs-revision 1.8)
\pgfmatrixcurrentrow=\count103
\pgfmatrixcurrentcolumn=\count104
\pgf@matrix@numberofcolumns=\count105
)
\tikz@expandcount=\count106

("C:\Users\d\AppData\Local\Programs\MiKTeX 2.9\tex\generic\pgf\frontendlayer\ti
kz\libraries\tikzlibrarytopaths.code.tex"
File: tikzlibrarytopaths.code.tex 2008/06/17 v3.0.1a (rcs-revision 1.2)
))) ("Mathematics 2182H META.aux")
\openout1 = `"Mathematics 2182H META.aux"'.

LaTeX Font Info:    Checking defaults for OML/cmm/m/it on input line 12.
LaTeX Font Info:    ... okay on input line 12.
LaTeX Font Info:    Checking defaults for T1/cmr/m/n on input line 12.
LaTeX Font Info:    ... okay on input line 12.
LaTeX Font Info:    Checking defaults for OT1/cmr/m/n on input line 12.
LaTeX Font Info:    ... okay on input line 12.
LaTeX Font Info:    Checking defaults for OMS/cmsy/m/n on input line 12.
LaTeX Font Info:    ... okay on input line 12.
LaTeX Font Info:    Checking defaults for OMX/cmex/m/n on input line 12.
LaTeX Font Info:    ... okay on input line 12.
LaTeX Font Info:    Checking defaults for U/cmr/m/n on input line 12.
LaTeX Font Info:    ... okay on input line 12.

ABD: EveryShipout initializing macros
("C:\Users\d\AppData\Local\Programs\MiKTeX 2.9\tex\context\base\supp-pdf.mkii"
[Loading MPS to PDF converter (version 2006.09.02).]
\scratchcounter=\count107
\scratchdimen=\dimen151
\scratchbox=\box37
\nofMPsegments=\count108
\nofMParguments=\count109
\everyMPshowfont=\toks27
\MPscratchCnt=\count110
\MPscratchDim=\dimen152
\MPnumerator=\count111
\makeMPintoPDFobject=\count112
\everyMPtoPDFconversion=\toks28
)
LaTeX Font Info:    External font `cmex10' loaded for size
(Font)              <14.4> on input line 13.
LaTeX Font Info:    External font `cmex10' loaded for size
(Font)              <7> on input line 13.
 [1

{C:/Users/d/AppData/Local/MiKTeX/2.9/pdftex/config/pdftex.map}] [2]
("Mathematics 2182H META.aux") ) 
Here is how much of TeX's memory you used:
 10956 strings out of 493634
 227361 string characters out of 3136871
 254942 words of memory out of 3000000
 14183 multiletter control sequences out of 15000+200000
 6370 words of font info for 23 fonts, out of 3000000 for 9000
 1025 hyphenation exceptions out of 8191
 55i,6n,54p,575b,187s stack positions out of 5000i,500n,10000p,200000b,50000s
<C:/Users/d/AppData/Local/Programs/MiKTeX 2.9/f
onts/type1/public/amsfonts/cm/cmbx12.pfb><C:/Users/d/AppData/Local/Programs/MiK
TeX 2.9/fonts/type1/public/amsfonts/cm/cmr12.pfb><C:/Users/d/AppData/Local/Prog
rams/MiKTeX 2.9/fonts/type1/public/amsfonts/cm/cmr17.pfb>
Output written on "Mathematics 2182H META.pdf" (2 pages, 49337 bytes).
PDF statistics:
 24 PDF objects out of 1000 (max. 8388607)
 0 named destinations out of 1000 (max. 500000)
 13 words of extra memory for PDF output out of 10000 (max. 10000000)

