This is XeTeX, Version 3.14159265-2.6-0.99999 (MiKTeX 2.9.6600 64-bit) (preloaded format=xelatex 2018.2.27)  10 JUN 2018 17:10
entering extended mode
**"./Math 5591H Notes.tex"
("Math 5591H Notes.tex"
LaTeX2e <2017-04-15>
Babel <3.17> and hyphenation patterns for 75 language(s) loaded.
("C:\Program Files\MiKTeX 2.9\tex\latex\amscls\amsbook.cls"
Document Class: amsbook 2017/10/31 v2.20.4
\linespacing=\dimen102
\normalparindent=\dimen103
\normaltopskip=\skip41
("C:\Program Files\MiKTeX 2.9\tex\latex\amsmath\amsmath.sty"
Package: amsmath 2017/09/02 v2.17a AMS math features
\@mathmargin=\skip42

For additional information on amsmath, use the `?' option.
("C:\Program Files\MiKTeX 2.9\tex\latex\amsmath\amstext.sty"
Package: amstext 2000/06/29 v2.01 AMS text

("C:\Program Files\MiKTeX 2.9\tex\latex\amsmath\amsgen.sty"
File: amsgen.sty 1999/11/30 v2.0 generic functions
\@emptytoks=\toks14
\ex@=\dimen104
))
("C:\Program Files\MiKTeX 2.9\tex\latex\amsmath\amsbsy.sty"
Package: amsbsy 1999/11/29 v1.2d Bold Symbols
\pmbraise@=\dimen105
)
("C:\Program Files\MiKTeX 2.9\tex\latex\amsmath\amsopn.sty"
Package: amsopn 2016/03/08 v2.02 operator names
)
\inf@bad=\count79
LaTeX Info: Redefining \frac on input line 213.
\uproot@=\count80
\leftroot@=\count81
LaTeX Info: Redefining \overline on input line 375.
\classnum@=\count82
\DOTSCASE@=\count83
LaTeX Info: Redefining \ldots on input line 472.
LaTeX Info: Redefining \dots on input line 475.
LaTeX Info: Redefining \cdots on input line 596.
\Mathstrutbox@=\box26
\strutbox@=\box27
\big@size=\dimen106
LaTeX Font Info:    Redeclaring font encoding OML on input line 712.
LaTeX Font Info:    Redeclaring font encoding OMS on input line 713.
\macc@depth=\count84
\c@MaxMatrixCols=\count85
\dotsspace@=\muskip10
\c@parentequation=\count86
\dspbrk@lvl=\count87
\tag@help=\toks15
\row@=\count88
\column@=\count89
\maxfields@=\count90
\andhelp@=\toks16
\eqnshift@=\dimen107
\alignsep@=\dimen108
\tagshift@=\dimen109
\tagwidth@=\dimen110
\totwidth@=\dimen111
\lineht@=\dimen112
\@envbody=\toks17
\multlinegap=\skip43
\multlinetaggap=\skip44
\mathdisplay@stack=\toks18
LaTeX Info: Redefining \[ on input line 2817.
LaTeX Info: Redefining \] on input line 2818.
)
LaTeX Font Info:    Try loading font information for U+msa on input line 377.

("C:\Program Files\MiKTeX 2.9\tex\latex\amsfonts\umsa.fd"
File: umsa.fd 2013/01/14 v3.01 AMS symbols A
)
("C:\Program Files\MiKTeX 2.9\tex\latex\amsfonts\amsfonts.sty"
Package: amsfonts 2013/01/14 v3.01 Basic AMSFonts support
\symAMSa=\mathgroup4
\symAMSb=\mathgroup5
LaTeX Font Info:    Overwriting math alphabet `\mathfrak' in version `bold'
(Font)                  U/euf/m/n --> U/euf/b/n on input line 106.
)
\copyins=\insert199
\abstractbox=\box28
\listisep=\skip45
\c@part=\count91
\c@chapter=\count92
\c@section=\count93
\c@subsection=\count94
\c@subsubsection=\count95
\c@paragraph=\count96
\c@subparagraph=\count97
\c@figure=\count98
\c@table=\count99
\abovecaptionskip=\skip46
\belowcaptionskip=\skip47
\captionindent=\dimen113
\thm@style=\toks19
\thm@bodyfont=\toks20
\thm@headfont=\toks21
\thm@notefont=\toks22
\thm@headpunct=\toks23
\thm@preskip=\skip48
\thm@postskip=\skip49
\thm@headsep=\skip50
\dth@everypar=\toks24
)
("C:\Program Files\MiKTeX 2.9\tex\latex\geometry\geometry.sty"
Package: geometry 2010/09/12 v5.6 Page Geometry

("C:\Program Files\MiKTeX 2.9\tex\latex\graphics\keyval.sty"
Package: keyval 2014/10/28 v1.15 key=value parser (DPC)
\KV@toks@=\toks25
)
("C:\Program Files\MiKTeX 2.9\tex\generic\oberdiek\ifpdf.sty"
Package: ifpdf 2017/03/15 v3.2 Provides the ifpdf switch
)
("C:\Program Files\MiKTeX 2.9\tex\generic\oberdiek\ifvtex.sty"
Package: ifvtex 2016/05/16 v1.6 Detect VTeX and its facilities (HO)
Package ifvtex Info: VTeX not detected.
)
("C:\Program Files\MiKTeX 2.9\tex\generic\ifxetex\ifxetex.sty"
Package: ifxetex 2010/09/12 v0.6 Provides ifxetex conditional
)
\Gm@cnth=\count100
\Gm@cntv=\count101
\c@Gm@tempcnt=\count102
\Gm@bindingoffset=\dimen114
\Gm@wd@mp=\dimen115
\Gm@odd@mp=\dimen116
\Gm@even@mp=\dimen117
\Gm@layoutwidth=\dimen118
\Gm@layoutheight=\dimen119
\Gm@layouthoffset=\dimen120
\Gm@layoutvoffset=\dimen121
\Gm@dimlist=\toks26

("C:\Program Files\MiKTeX 2.9\tex\xelatex\xetexconfig\geometry.cfg"))
("C:\Program Files\MiKTeX 2.9\tex\latex\amsfonts\amssymb.sty"
Package: amssymb 2013/01/14 v3.01 AMS font symbols
)
("C:\Program Files\MiKTeX 2.9\tex\latex\tools\verbatim.sty"
Package: verbatim 2014/10/28 v1.5q LaTeX2e package for verbatim enhancements
\every@verbatim=\toks27
\verbatim@line=\toks28
\verbatim@in@stream=\read1
)
(C:\Users\Brendan\AppData\Roaming\MiKTeX\2.9\tex\latex\amsrefs\amsrefs.sty
Package: amsrefs 2013/03/07 v2.14

(C:\Users\Brendan\AppData\Roaming\MiKTeX\2.9\tex\latex\url\url.sty
\Urlmuskip=\muskip11
Package: url 2013/09/16  ver 3.4  Verb mode for urls, etc.
)
(C:\Users\Brendan\AppData\Roaming\MiKTeX\2.9\tex\latex\amsrefs\pcatcode.sty
Package: pcatcode 2002/04/16 v1.04
)
(C:\Users\Brendan\AppData\Roaming\MiKTeX\2.9\tex\latex\amsrefs\ifoption.sty
Package: ifoption 2002/03/04 v1.02
)
(C:\Users\Brendan\AppData\Roaming\MiKTeX\2.9\tex\latex\amsrefs\rkeyval.sty
Package: rkeyval 2004/05/05 v1.08
\@temptokenb=\toks29
\rsk@toks=\toks30
)
(C:\Users\Brendan\AppData\Roaming\MiKTeX\2.9\tex\latex\amsrefs\textcmds.sty
Package: textcmds 2012/08/02 v2.00
)
(C:\Users\Brendan\AppData\Roaming\MiKTeX\2.9\tex\latex\amsrefs\mathscinet.sty
Package: mathscinet 2002/04/17 v1.05
)
\c@bib=\count103
\@maxlabelwidth=\dimen122
\c@bib@env=\count104
\bib@dbfile=\read2
\alpha@suffix=\count105
\series@index=\count106
) (C:\Users\Brendan\AppData\Roaming\MiKTeX\2.9\tex\latex\enumitem\enumitem.sty
Package: enumitem 2011/09/28 v3.5.2 Customized lists
\labelindent=\skip51
\enit@outerparindent=\dimen123
\enit@toks=\toks31
\enit@inbox=\box29
\enitdp@description=\count107
)
(C:\Users\Brendan\AppData\Roaming\MiKTeX\2.9\tex\latex\tikz-cd\tikz-cd.sty
Package: tikz-cd 2014/10/30 v0.9e Commutative diagrams with tikz

(C:\Users\Brendan\AppData\Roaming\MiKTeX\2.9\tex\latex\pgf\frontendlayer\tikz.s
ty
(C:\Users\Brendan\AppData\Roaming\MiKTeX\2.9\tex\latex\pgf\basiclayer\pgf.sty
(C:\Users\Brendan\AppData\Roaming\MiKTeX\2.9\tex\latex\pgf\utilities\pgfrcs.sty

(C:\Users\Brendan\AppData\Roaming\MiKTeX\2.9\tex\generic\pgf\utilities\pgfutil-
common.tex
\pgfutil@everybye=\toks32
\pgfutil@tempdima=\dimen124
\pgfutil@tempdimb=\dimen125

(C:\Users\Brendan\AppData\Roaming\MiKTeX\2.9\tex\generic\pgf\utilities\pgfutil-
common-lists.tex))
(C:\Users\Brendan\AppData\Roaming\MiKTeX\2.9\tex\generic\pgf\utilities\pgfutil-
latex.def
\pgfutil@abb=\box30

(C:\Users\Brendan\AppData\Roaming\MiKTeX\2.9\tex\latex\ms\everyshi.sty
Package: everyshi 2001/05/15 v3.00 EveryShipout Package (MS)
))
(C:\Users\Brendan\AppData\Roaming\MiKTeX\2.9\tex\generic\pgf\utilities\pgfrcs.c
ode.tex
Package: pgfrcs 2015/08/07 v3.0.1a (rcs-revision 1.31)
))
Package: pgf 2015/08/07 v3.0.1a (rcs-revision 1.15)

(C:\Users\Brendan\AppData\Roaming\MiKTeX\2.9\tex\latex\pgf\basiclayer\pgfcore.s
ty ("C:\Program Files\MiKTeX 2.9\tex\latex\graphics\graphicx.sty"
Package: graphicx 2017/06/01 v1.1a Enhanced LaTeX Graphics (DPC,SPQR)

("C:\Program Files\MiKTeX 2.9\tex\latex\graphics\graphics.sty"
Package: graphics 2017/06/25 v1.2c Standard LaTeX Graphics (DPC,SPQR)

("C:\Program Files\MiKTeX 2.9\tex\latex\graphics\trig.sty"
Package: trig 2016/01/03 v1.10 sin cos tan (DPC)
)
("C:\Program Files\MiKTeX 2.9\tex\latex\graphics-cfg\graphics.cfg"
File: graphics.cfg 2016/06/04 v1.11 sample graphics configuration
)
Package graphics Info: Driver file: xetex.def on input line 99.

("C:\Program Files\MiKTeX 2.9\tex\latex\graphics-def\xetex.def"
File: xetex.def 2017/06/24 v5.0h Graphics/color driver for xetex
))
\Gin@req@height=\dimen126
\Gin@req@width=\dimen127
)
(C:\Users\Brendan\AppData\Roaming\MiKTeX\2.9\tex\latex\pgf\systemlayer\pgfsys.s
ty
(C:\Users\Brendan\AppData\Roaming\MiKTeX\2.9\tex\generic\pgf\systemlayer\pgfsys
.code.tex
Package: pgfsys 2014/07/09 v3.0.1a (rcs-revision 1.48)

(C:\Users\Brendan\AppData\Roaming\MiKTeX\2.9\tex\generic\pgf\utilities\pgfkeys.
code.tex
\pgfkeys@pathtoks=\toks33
\pgfkeys@temptoks=\toks34

(C:\Users\Brendan\AppData\Roaming\MiKTeX\2.9\tex\generic\pgf\utilities\pgfkeysf
iltered.code.tex
\pgfkeys@tmptoks=\toks35
))
\pgf@x=\dimen128
\pgf@y=\dimen129
\pgf@xa=\dimen130
\pgf@ya=\dimen131
\pgf@xb=\dimen132
\pgf@yb=\dimen133
\pgf@xc=\dimen134
\pgf@yc=\dimen135
\w@pgf@writea=\write3
\r@pgf@reada=\read3
\c@pgf@counta=\count108
\c@pgf@countb=\count109
\c@pgf@countc=\count110
\c@pgf@countd=\count111
\t@pgf@toka=\toks36
\t@pgf@tokb=\toks37
\t@pgf@tokc=\toks38

(C:\Users\Brendan\AppData\Roaming\MiKTeX\2.9\tex\generic\pgf\systemlayer\pgf.cf
g
File: pgf.cfg 2008/05/14  (rcs-revision 1.7)
)
Driver file for pgf: pgfsys-xetex.def

(C:\Users\Brendan\AppData\Roaming\MiKTeX\2.9\tex\generic\pgf\systemlayer\pgfsys
-xetex.def
File: pgfsys-xetex.def 2014/07/09  (rcs-revision 1.11)

(C:\Users\Brendan\AppData\Roaming\MiKTeX\2.9\tex\generic\pgf\systemlayer\pgfsys
-dvipdfmx.def
File: pgfsys-dvipdfmx.def 2014/07/09  (rcs-revision 1.14)

(C:\Users\Brendan\AppData\Roaming\MiKTeX\2.9\tex\generic\pgf\systemlayer\pgfsys
-common-pdf.def
File: pgfsys-common-pdf.def 2013/10/10  (rcs-revision 1.13)
)
\pgfsys@objnum=\count112
)))
(C:\Users\Brendan\AppData\Roaming\MiKTeX\2.9\tex\generic\pgf\systemlayer\pgfsys
softpath.code.tex
File: pgfsyssoftpath.code.tex 2013/09/09  (rcs-revision 1.9)
\pgfsyssoftpath@smallbuffer@items=\count113
\pgfsyssoftpath@bigbuffer@items=\count114
)
(C:\Users\Brendan\AppData\Roaming\MiKTeX\2.9\tex\generic\pgf\systemlayer\pgfsys
protocol.code.tex
File: pgfsysprotocol.code.tex 2006/10/16  (rcs-revision 1.4)
))
(C:\Users\Brendan\AppData\Roaming\MiKTeX\2.9\tex\latex\xcolor\xcolor.sty
Package: xcolor 2016/05/11 v2.12 LaTeX color extensions (UK)

("C:\Program Files\MiKTeX 2.9\tex\latex\graphics-cfg\color.cfg"
File: color.cfg 2016/01/02 v1.6 sample color configuration
)
Package xcolor Info: Driver file: xetex.def on input line 225.
Package xcolor Info: Model `cmy' substituted by `cmy0' on input line 1348.
Package xcolor Info: Model `RGB' extended on input line 1364.
Package xcolor Info: Model `HTML' substituted by `rgb' on input line 1366.
Package xcolor Info: Model `Hsb' substituted by `hsb' on input line 1367.
Package xcolor Info: Model `tHsb' substituted by `hsb' on input line 1368.
Package xcolor Info: Model `HSB' substituted by `hsb' on input line 1369.
Package xcolor Info: Model `Gray' substituted by `gray' on input line 1370.
Package xcolor Info: Model `wave' substituted by `hsb' on input line 1371.
)
(C:\Users\Brendan\AppData\Roaming\MiKTeX\2.9\tex\generic\pgf\basiclayer\pgfcore
.code.tex
Package: pgfcore 2010/04/11 v3.0.1a (rcs-revision 1.7)

(C:\Users\Brendan\AppData\Roaming\MiKTeX\2.9\tex\generic\pgf\math\pgfmath.code.
tex
(C:\Users\Brendan\AppData\Roaming\MiKTeX\2.9\tex\generic\pgf\math\pgfmathcalc.c
ode.tex
(C:\Users\Brendan\AppData\Roaming\MiKTeX\2.9\tex\generic\pgf\math\pgfmathutil.c
ode.tex)
(C:\Users\Brendan\AppData\Roaming\MiKTeX\2.9\tex\generic\pgf\math\pgfmathparser
.code.tex
\pgfmath@dimen=\dimen136
\pgfmath@count=\count115
\pgfmath@box=\box31
\pgfmath@toks=\toks39
\pgfmath@stack@operand=\toks40
\pgfmath@stack@operation=\toks41
)
(C:\Users\Brendan\AppData\Roaming\MiKTeX\2.9\tex\generic\pgf\math\pgfmathfuncti
ons.code.tex
(C:\Users\Brendan\AppData\Roaming\MiKTeX\2.9\tex\generic\pgf\math\pgfmathfuncti
ons.basic.code.tex)
(C:\Users\Brendan\AppData\Roaming\MiKTeX\2.9\tex\generic\pgf\math\pgfmathfuncti
ons.trigonometric.code.tex)
(C:\Users\Brendan\AppData\Roaming\MiKTeX\2.9\tex\generic\pgf\math\pgfmathfuncti
ons.random.code.tex)
(C:\Users\Brendan\AppData\Roaming\MiKTeX\2.9\tex\generic\pgf\math\pgfmathfuncti
ons.comparison.code.tex)
(C:\Users\Brendan\AppData\Roaming\MiKTeX\2.9\tex\generic\pgf\math\pgfmathfuncti
ons.base.code.tex)
(C:\Users\Brendan\AppData\Roaming\MiKTeX\2.9\tex\generic\pgf\math\pgfmathfuncti
ons.round.code.tex)
(C:\Users\Brendan\AppData\Roaming\MiKTeX\2.9\tex\generic\pgf\math\pgfmathfuncti
ons.misc.code.tex)
(C:\Users\Brendan\AppData\Roaming\MiKTeX\2.9\tex\generic\pgf\math\pgfmathfuncti
ons.integerarithmetics.code.tex)))
(C:\Users\Brendan\AppData\Roaming\MiKTeX\2.9\tex\generic\pgf\math\pgfmathfloat.
code.tex
\c@pgfmathroundto@lastzeros=\count116
))
(C:\Users\Brendan\AppData\Roaming\MiKTeX\2.9\tex\generic\pgf\basiclayer\pgfcore
points.code.tex
File: pgfcorepoints.code.tex 2013/10/07  (rcs-revision 1.27)
\pgf@picminx=\dimen137
\pgf@picmaxx=\dimen138
\pgf@picminy=\dimen139
\pgf@picmaxy=\dimen140
\pgf@pathminx=\dimen141
\pgf@pathmaxx=\dimen142
\pgf@pathminy=\dimen143
\pgf@pathmaxy=\dimen144
\pgf@xx=\dimen145
\pgf@xy=\dimen146
\pgf@yx=\dimen147
\pgf@yy=\dimen148
\pgf@zx=\dimen149
\pgf@zy=\dimen150
)
(C:\Users\Brendan\AppData\Roaming\MiKTeX\2.9\tex\generic\pgf\basiclayer\pgfcore
pathconstruct.code.tex
File: pgfcorepathconstruct.code.tex 2013/10/07  (rcs-revision 1.29)
\pgf@path@lastx=\dimen151
\pgf@path@lasty=\dimen152
)
(C:\Users\Brendan\AppData\Roaming\MiKTeX\2.9\tex\generic\pgf\basiclayer\pgfcore
pathusage.code.tex
File: pgfcorepathusage.code.tex 2014/11/02  (rcs-revision 1.24)
\pgf@shorten@end@additional=\dimen153
\pgf@shorten@start@additional=\dimen154
)
(C:\Users\Brendan\AppData\Roaming\MiKTeX\2.9\tex\generic\pgf\basiclayer\pgfcore
scopes.code.tex
File: pgfcorescopes.code.tex 2015/05/08  (rcs-revision 1.46)
\pgfpic=\box32
\pgf@hbox=\box33
\pgf@layerbox@main=\box34
\pgf@picture@serial@count=\count117
)
(C:\Users\Brendan\AppData\Roaming\MiKTeX\2.9\tex\generic\pgf\basiclayer\pgfcore
graphicstate.code.tex
File: pgfcoregraphicstate.code.tex 2014/11/02  (rcs-revision 1.12)
\pgflinewidth=\dimen155
)
(C:\Users\Brendan\AppData\Roaming\MiKTeX\2.9\tex\generic\pgf\basiclayer\pgfcore
transformations.code.tex
File: pgfcoretransformations.code.tex 2015/08/07  (rcs-revision 1.20)
\pgf@pt@x=\dimen156
\pgf@pt@y=\dimen157
\pgf@pt@temp=\dimen158
)
(C:\Users\Brendan\AppData\Roaming\MiKTeX\2.9\tex\generic\pgf\basiclayer\pgfcore
quick.code.tex
File: pgfcorequick.code.tex 2008/10/09  (rcs-revision 1.3)
)
(C:\Users\Brendan\AppData\Roaming\MiKTeX\2.9\tex\generic\pgf\basiclayer\pgfcore
objects.code.tex
File: pgfcoreobjects.code.tex 2006/10/11  (rcs-revision 1.2)
)
(C:\Users\Brendan\AppData\Roaming\MiKTeX\2.9\tex\generic\pgf\basiclayer\pgfcore
pathprocessing.code.tex
File: pgfcorepathprocessing.code.tex 2013/09/09  (rcs-revision 1.9)
)
(C:\Users\Brendan\AppData\Roaming\MiKTeX\2.9\tex\generic\pgf\basiclayer\pgfcore
arrows.code.tex
File: pgfcorearrows.code.tex 2015/05/14  (rcs-revision 1.43)
\pgfarrowsep=\dimen159
)
(C:\Users\Brendan\AppData\Roaming\MiKTeX\2.9\tex\generic\pgf\basiclayer\pgfcore
shade.code.tex
File: pgfcoreshade.code.tex 2013/07/15  (rcs-revision 1.15)
\pgf@max=\dimen160
\pgf@sys@shading@range@num=\count118
)
(C:\Users\Brendan\AppData\Roaming\MiKTeX\2.9\tex\generic\pgf\basiclayer\pgfcore
image.code.tex
File: pgfcoreimage.code.tex 2013/07/15  (rcs-revision 1.18)

(C:\Users\Brendan\AppData\Roaming\MiKTeX\2.9\tex\generic\pgf\basiclayer\pgfcore
external.code.tex
File: pgfcoreexternal.code.tex 2014/07/09  (rcs-revision 1.21)
\pgfexternal@startupbox=\box35
))
(C:\Users\Brendan\AppData\Roaming\MiKTeX\2.9\tex\generic\pgf\basiclayer\pgfcore
layers.code.tex
File: pgfcorelayers.code.tex 2013/07/18  (rcs-revision 1.7)
)
(C:\Users\Brendan\AppData\Roaming\MiKTeX\2.9\tex\generic\pgf\basiclayer\pgfcore
transparency.code.tex
File: pgfcoretransparency.code.tex 2013/09/30  (rcs-revision 1.5)
)
(C:\Users\Brendan\AppData\Roaming\MiKTeX\2.9\tex\generic\pgf\basiclayer\pgfcore
patterns.code.tex
File: pgfcorepatterns.code.tex 2013/11/07  (rcs-revision 1.5)
)))
(C:\Users\Brendan\AppData\Roaming\MiKTeX\2.9\tex\generic\pgf\modules\pgfmodules
hapes.code.tex
File: pgfmoduleshapes.code.tex 2014/03/21  (rcs-revision 1.35)
\pgfnodeparttextbox=\box36
)
(C:\Users\Brendan\AppData\Roaming\MiKTeX\2.9\tex\generic\pgf\modules\pgfmodulep
lot.code.tex
File: pgfmoduleplot.code.tex 2015/08/03  (rcs-revision 1.13)
)
(C:\Users\Brendan\AppData\Roaming\MiKTeX\2.9\tex\latex\pgf\compatibility\pgfcom
p-version-0-65.sty
Package: pgfcomp-version-0-65 2007/07/03 v3.0.1a (rcs-revision 1.7)
\pgf@nodesepstart=\dimen161
\pgf@nodesepend=\dimen162
)
(C:\Users\Brendan\AppData\Roaming\MiKTeX\2.9\tex\latex\pgf\compatibility\pgfcom
p-version-1-18.sty
Package: pgfcomp-version-1-18 2007/07/23 v3.0.1a (rcs-revision 1.1)
))
(C:\Users\Brendan\AppData\Roaming\MiKTeX\2.9\tex\latex\pgf\utilities\pgffor.sty

(C:\Users\Brendan\AppData\Roaming\MiKTeX\2.9\tex\latex\pgf\utilities\pgfkeys.st
y
(C:\Users\Brendan\AppData\Roaming\MiKTeX\2.9\tex\generic\pgf\utilities\pgfkeys.
code.tex))
(C:\Users\Brendan\AppData\Roaming\MiKTeX\2.9\tex\latex\pgf\math\pgfmath.sty
(C:\Users\Brendan\AppData\Roaming\MiKTeX\2.9\tex\generic\pgf\math\pgfmath.code.
tex))
(C:\Users\Brendan\AppData\Roaming\MiKTeX\2.9\tex\generic\pgf\utilities\pgffor.c
ode.tex
Package: pgffor 2013/12/13 v3.0.1a (rcs-revision 1.25)

(C:\Users\Brendan\AppData\Roaming\MiKTeX\2.9\tex\generic\pgf\math\pgfmath.code.
tex)
\pgffor@iter=\dimen163
\pgffor@skip=\dimen164
\pgffor@stack=\toks42
\pgffor@toks=\toks43
))
(C:\Users\Brendan\AppData\Roaming\MiKTeX\2.9\tex\generic\pgf\frontendlayer\tikz
\tikz.code.tex
Package: tikz 2015/08/07 v3.0.1a (rcs-revision 1.151)

(C:\Users\Brendan\AppData\Roaming\MiKTeX\2.9\tex\generic\pgf\libraries\pgflibra
ryplothandlers.code.tex
File: pgflibraryplothandlers.code.tex 2013/08/31 v3.0.1a (rcs-revision 1.20)
\pgf@plot@mark@count=\count119
\pgfplotmarksize=\dimen165
)
\tikz@lastx=\dimen166
\tikz@lasty=\dimen167
\tikz@lastxsaved=\dimen168
\tikz@lastysaved=\dimen169
\tikzleveldistance=\dimen170
\tikzsiblingdistance=\dimen171
\tikz@figbox=\box37
\tikz@figbox@bg=\box38
\tikz@tempbox=\box39
\tikz@tempbox@bg=\box40
\tikztreelevel=\count120
\tikznumberofchildren=\count121
\tikznumberofcurrentchild=\count122
\tikz@fig@count=\count123

(C:\Users\Brendan\AppData\Roaming\MiKTeX\2.9\tex\generic\pgf\modules\pgfmodulem
atrix.code.tex
File: pgfmodulematrix.code.tex 2013/09/17  (rcs-revision 1.8)
\pgfmatrixcurrentrow=\count124
\pgfmatrixcurrentcolumn=\count125
\pgf@matrix@numberofcolumns=\count126
)
\tikz@expandcount=\count127

(C:\Users\Brendan\AppData\Roaming\MiKTeX\2.9\tex\generic\pgf\frontendlayer\tikz
\libraries\tikzlibrarytopaths.code.tex
File: tikzlibrarytopaths.code.tex 2008/06/17 v3.0.1a (rcs-revision 1.2)
)))
(C:\Users\Brendan\AppData\Roaming\MiKTeX\2.9\tex\generic\tikz-cd\tikzlibrarycd.
code.tex
(C:\Users\Brendan\AppData\Roaming\MiKTeX\2.9\tex\generic\pgf\frontendlayer\tikz
\libraries\tikzlibrarymatrix.code.tex
File: tikzlibrarymatrix.code.tex 2013/07/12 v3.0.1a (rcs-revision 1.4)
)
(C:\Users\Brendan\AppData\Roaming\MiKTeX\2.9\tex\generic\pgf\frontendlayer\tikz
\libraries\tikzlibraryquotes.code.tex
File: tikzlibraryquotes.code.tex 2014/03/21 v3.0.1a (rcs-revision 1.4)
)
(C:\Users\Brendan\AppData\Roaming\MiKTeX\2.9\tex\generic\pgf\libraries\pgflibra
ryarrows.meta.code.tex
File: pgflibraryarrows.meta.code.tex 2015/05/13 v3.0.1a (rcs-revision 1.13)
\pgfarrowinset=\dimen172
\pgfarrowlength=\dimen173
\pgfarrowwidth=\dimen174
\pgfarrowlinewidth=\dimen175
)))
(C:\Users\Brendan\AppData\Roaming\MiKTeX\2.9\tex\latex\braket\braket.sty)
(C:\Users\Brendan\AppData\Roaming\MiKTeX\2.9\tex\latex\adjustbox\adjustbox.sty
Package: adjustbox 2012/05/21 v1.0 Adjusting TeX boxes (trim, clip, ...)

("C:\Program Files\MiKTeX 2.9\tex\latex\xkeyval\xkeyval.sty"
Package: xkeyval 2014/12/03 v2.7a package option processing (HA)

("C:\Program Files\MiKTeX 2.9\tex\generic\xkeyval\xkeyval.tex"
("C:\Program Files\MiKTeX 2.9\tex\generic\xkeyval\xkvutils.tex"
\XKV@toks=\toks44
\XKV@tempa@toks=\toks45
)
\XKV@depth=\count128
File: xkeyval.tex 2014/12/03 v2.7a key=value parser (HA)
))
(C:\Users\Brendan\AppData\Roaming\MiKTeX\2.9\tex\latex\adjustbox\adjcalc.sty
Package: adjcalc 2012/05/16 v1.1 Provides advanced setlength with multiple back
-ends (calc, etex, pgfmath)
)
(C:\Users\Brendan\AppData\Roaming\MiKTeX\2.9\tex\latex\adjustbox\trimclip.sty
Package: trimclip 2012/05/16 v1.0 Trim and clip general TeX material

(C:\Users\Brendan\AppData\Roaming\MiKTeX\2.9\tex\latex\collectbox\collectbox.st
y
Package: collectbox 2012/05/17 v0.4b Collect macro arguments as boxes
\collectedbox=\box41
)
\tc@llx=\dimen176
\tc@lly=\dimen177
\tc@urx=\dimen178
\tc@ury=\dimen179
Package trimclip Info: Using driver 'tc-xetex.def'.

(C:\Users\Brendan\AppData\Roaming\MiKTeX\2.9\tex\latex\adjustbox\tc-xetex.def
File: tc-xetex.def 2012/05/13 v1.0 Clipping driver for xetex
))
\adjbox@Width=\dimen180
\adjbox@Height=\dimen181
\adjbox@Depth=\dimen182
\adjbox@Totalheight=\dimen183
(C:\Users\Brendan\AppData\Roaming\MiKTeX\2.9\tex\latex\ifoddpage\ifoddpage.sty
Package: ifoddpage 2016/04/23 v1.1 Conditionals for odd/even page detection
\c@checkoddpage=\count129
) ("C:\Program Files\MiKTeX 2.9\tex\latex\ltxmisc\varwidth.sty"
Package: varwidth 2009/03/30 ver 0.92;  Variable-width minipages
\@vwid@box=\box42
\sift@deathcycles=\count130
\@vwid@loff=\dimen184
\@vwid@roff=\dimen185
))
("C:\Program Files\MiKTeX 2.9\tex\generic\xypic\xy.sty"
("C:\Program Files\MiKTeX 2.9\tex\generic\xypic\xy.tex" Bootstrap'ing:
catcodes, docmode, ("C:\Program Files\MiKTeX 2.9\tex\generic\xypic\xyrecat.tex"
) ("C:\Program Files\MiKTeX 2.9\tex\generic\xypic\xyidioms.tex")

 Xy-pic version 3.8.9 <2013/10/06>
 Copyright (c) 1991-2013 by Kristoffer H. Rose <krisrose@tug.org> and others
 Xy-pic is free software: see the User's Guide for details.

Loading kernel: messages; fonts; allocations: state,
\X@c=\dimen186
\Y@c=\dimen187
\U@c=\dimen188
\D@c=\dimen189
\L@c=\dimen190
\R@c=\dimen191
\Edge@c=\toks46
\X@p=\dimen192
\Y@p=\dimen193
\U@p=\dimen194
\D@p=\dimen195
\L@p=\dimen196
\R@p=\dimen197
\Edge@p=\toks47
\X@origin=\dimen198
\Y@origin=\dimen256
\X@xbase=\dimen257
\Y@xbase=\dimen258
\X@ybase=\dimen259
\Y@ybase=\dimen260
\X@min=\dimen261
\Y@min=\dimen262
\X@max=\dimen263
\Y@max=\dimen264
\lastobjectbox@=\box43
\zerodotbox@=\box44
\almostz@=\dimen265
 direction,
\d@X=\dimen266
\d@Y=\dimen267
\K@=\count131
\KK@=\count132
\Direction=\count133
\K@dXdY=\dimen268
\K@dYdX=\dimen269
\xyread@=\read4
\xywrite@=\write4
\csp@=\count134
\quotPTK@=\dimen270

utility macros; pictures: \xy, positions,
\swaptoks@@=\toks48
\connectobjectbox@@=\box45
 objects,
\styletoks@=\toks49
 decorations;
kernel objects: directionals, circles,

Xy-pic Warning: `\cir' redefined.

text; options; algorithms: directions, edges, connections;  Xy-pic loaded)
Package: xy 2013/10/06 Xy-pic version 3.8.9

("C:\Program Files\MiKTeX 2.9\tex\generic\xypic\xycmtip.tex"
 Xy-pic option: Computer Modern tip extension v.3.7
("C:\Program Files\MiKTeX 2.9\tex\generic\xypic\xytips.tex"
 Xy-pic option: More Tips extension v.3.11 loaded) loaded)
("C:\Program Files\MiKTeX 2.9\tex\generic\xypic\xyall.tex"
 Xy-pic option: All features v.3.8
("C:\Program Files\MiKTeX 2.9\tex\generic\xypic\xycurve.tex"
 Xy-pic option: Curve and Spline extension v.3.12 curve,
\crv@cnt@=\count135
\crvpts@=\toks50
\splinebox@=\box46
\splineval@=\dimen271
\splinedepth@=\dimen272
\splinetol@=\dimen273
\splinelength@=\dimen274
 circles,
\L@=\dimen275
 loaded)
("C:\Program Files\MiKTeX 2.9\tex\generic\xypic\xyframe.tex"
 Xy-pic option: Frame and Bracket extension v.3.14 loaded)
("C:\Program Files\MiKTeX 2.9\tex\generic\xypic\xyline.tex"
 Xy-pic option: Line styles extension v.3.10
\xylinethick@=\dimen276
 loaded)
("C:\Program Files\MiKTeX 2.9\tex\generic\xypic\xyrotate.tex"
 Xy-pic option: Rotate and Scale extension v.3.8 loaded)
("C:\Program Files\MiKTeX 2.9\tex\generic\xypic\xycolor.tex"
 Xy-pic option: Colour extension v.3.11 loaded)
("C:\Program Files\MiKTeX 2.9\tex\generic\xypic\xymatrix.tex"
 Xy-pic option: Matrix feature v.3.14
\Row=\count136
\Col=\count137
\queue@=\toks51
\queue@@=\toks52
\qcount@=\count138
\qcount@@=\count139
\matrixsize@=\count140
 loaded)
("C:\Program Files\MiKTeX 2.9\tex\generic\xypic\xyarrow.tex"
 Xy-pic option: Arrow and Path feature v.3.9 path, \ar, loaded)
("C:\Program Files\MiKTeX 2.9\tex\generic\xypic\xygraph.tex"
 Xy-pic option: Graph feature v.3.11 loaded) loaded))
(C:\Users\Brendan\AppData\Roaming\MiKTeX\2.9\tex\latex\titlesec\titlesec.sty
Package: titlesec 2016/03/21 v2.10.2 Sectioning titles
\ttl@box=\box47
\beforetitleunit=\skip52
\aftertitleunit=\skip53
\ttl@plus=\dimen277
\ttl@minus=\dimen278
\ttl@toksa=\toks53
\titlewidth=\dimen279
\titlewidthlast=\dimen280
\titlewidthfirst=\dimen281
)
("C:\Program Files\MiKTeX 2.9\tex\generic\babel\babel.sty"
Package: babel 2018/01/24 3.17 The Babel package

("C:\Program Files\MiKTeX 2.9\tex\generic\babel\switch.def"
File: switch.def 2018/01/24 3.17 Babel switching mechanism
)
*************************************
* Local config file bblopts.cfg used
*
(C:\Users\Brendan\AppData\Roaming\MiKTeX\2.9\tex\latex\arabi\bblopts.cfg
File: bblopts.cfg 2005/09/08 v0.1 add Arabic and Farsi to "declared" options of
 babel
)
("C:\Program Files\MiKTeX 2.9\tex\latex\babel-english\english.ldf"
Language: english 2017/06/06 v3.3r English support from the babel system

("C:\Program Files\MiKTeX 2.9\tex\generic\babel\babel.def"
File: babel.def 2018/01/24 3.17 Babel common definitions

("C:\Program Files\MiKTeX 2.9\tex\generic\babel\switch.def"
File: switch.def 2018/01/24 3.17 Babel switching mechanism
)
\babel@savecnt=\count141
\U@D=\dimen282

("C:\Program Files\MiKTeX 2.9\tex\generic\babel\xebabel.def"
("C:\Program Files\MiKTeX 2.9\tex\generic\babel\txtbabel.def"))
\bbl@dirlevel=\count142
)
\l@canadian = a dialect from \language\l@american 
\l@australian = a dialect from \language\l@british 
\l@newzealand = a dialect from \language\l@british 
))
("C:\Program Files\MiKTeX 2.9\tex\latex\base\inputenc.sty"
Package: inputenc 2015/03/17 v1.2c Input encoding file
\inpenc@prehook=\toks54
\inpenc@posthook=\toks55


Package inputenc Warning: inputenc package ignored with utf8 based engines.

) (C:\Users\Brendan\AppData\Roaming\MiKTeX\2.9\tex\latex\mnsymbol\MnSymbol.sty
Package: MnSymbol 2007/01/21 v1.4 support for the MnSymbol font

("C:\Program Files\MiKTeX 2.9\tex\latex\base\textcomp.sty"
Package: textcomp 2017/04/05 v2.0i Standard LaTeX package
Package textcomp Info: Sub-encoding information:
(textcomp)               5 = only ISO-Adobe without \textcurrency
(textcomp)               4 = 5 + \texteuro
(textcomp)               3 = 4 + \textohm
(textcomp)               2 = 3 + \textestimated + \textcurrency
(textcomp)               1 = TS1 - \textcircled - \t
(textcomp)               0 = TS1 (full)
(textcomp)             Font families with sub-encoding setting implement
(textcomp)             only a restricted character set as indicated.
(textcomp)             Family '?' is the default used for unknown fonts.
(textcomp)             See the documentation for details.
Package textcomp Info: Setting ? sub-encoding to TS1/1 on input line 79.

("C:\Program Files\MiKTeX 2.9\tex\latex\base\ts1enc.def"
File: ts1enc.def 2001/06/05 v3.0e (jk/car/fm) Standard LaTeX file
)
LaTeX Info: Redefining \oldstylenums on input line 334.
Package textcomp Info: Setting cmr sub-encoding to TS1/0 on input line 349.
Package textcomp Info: Setting cmss sub-encoding to TS1/0 on input line 350.
Package textcomp Info: Setting cmtt sub-encoding to TS1/0 on input line 351.
Package textcomp Info: Setting cmvtt sub-encoding to TS1/0 on input line 352.
Package textcomp Info: Setting cmbr sub-encoding to TS1/0 on input line 353.
Package textcomp Info: Setting cmtl sub-encoding to TS1/0 on input line 354.
Package textcomp Info: Setting ccr sub-encoding to TS1/0 on input line 355.
Package textcomp Info: Setting ptm sub-encoding to TS1/4 on input line 356.
Package textcomp Info: Setting pcr sub-encoding to TS1/4 on input line 357.
Package textcomp Info: Setting phv sub-encoding to TS1/4 on input line 358.
Package textcomp Info: Setting ppl sub-encoding to TS1/3 on input line 359.
Package textcomp Info: Setting pag sub-encoding to TS1/4 on input line 360.
Package textcomp Info: Setting pbk sub-encoding to TS1/4 on input line 361.
Package textcomp Info: Setting pnc sub-encoding to TS1/4 on input line 362.
Package textcomp Info: Setting pzc sub-encoding to TS1/4 on input line 363.
Package textcomp Info: Setting bch sub-encoding to TS1/4 on input line 364.
Package textcomp Info: Setting put sub-encoding to TS1/5 on input line 365.
Package textcomp Info: Setting uag sub-encoding to TS1/5 on input line 366.
Package textcomp Info: Setting ugq sub-encoding to TS1/5 on input line 367.
Package textcomp Info: Setting ul8 sub-encoding to TS1/4 on input line 368.
Package textcomp Info: Setting ul9 sub-encoding to TS1/4 on input line 369.
Package textcomp Info: Setting augie sub-encoding to TS1/5 on input line 370.
Package textcomp Info: Setting dayrom sub-encoding to TS1/3 on input line 371.
Package textcomp Info: Setting dayroms sub-encoding to TS1/3 on input line 372.

Package textcomp Info: Setting pxr sub-encoding to TS1/0 on input line 373.
Package textcomp Info: Setting pxss sub-encoding to TS1/0 on input line 374.
Package textcomp Info: Setting pxtt sub-encoding to TS1/0 on input line 375.
Package textcomp Info: Setting txr sub-encoding to TS1/0 on input line 376.
Package textcomp Info: Setting txss sub-encoding to TS1/0 on input line 377.
Package textcomp Info: Setting txtt sub-encoding to TS1/0 on input line 378.
Package textcomp Info: Setting lmr sub-encoding to TS1/0 on input line 379.
Package textcomp Info: Setting lmdh sub-encoding to TS1/0 on input line 380.
Package textcomp Info: Setting lmss sub-encoding to TS1/0 on input line 381.
Package textcomp Info: Setting lmssq sub-encoding to TS1/0 on input line 382.
Package textcomp Info: Setting lmvtt sub-encoding to TS1/0 on input line 383.
Package textcomp Info: Setting lmtt sub-encoding to TS1/0 on input line 384.
Package textcomp Info: Setting qhv sub-encoding to TS1/0 on input line 385.
Package textcomp Info: Setting qag sub-encoding to TS1/0 on input line 386.
Package textcomp Info: Setting qbk sub-encoding to TS1/0 on input line 387.
Package textcomp Info: Setting qcr sub-encoding to TS1/0 on input line 388.
Package textcomp Info: Setting qcs sub-encoding to TS1/0 on input line 389.
Package textcomp Info: Setting qpl sub-encoding to TS1/0 on input line 390.
Package textcomp Info: Setting qtm sub-encoding to TS1/0 on input line 391.
Package textcomp Info: Setting qzc sub-encoding to TS1/0 on input line 392.
Package textcomp Info: Setting qhvc sub-encoding to TS1/0 on input line 393.
Package textcomp Info: Setting futs sub-encoding to TS1/4 on input line 394.
Package textcomp Info: Setting futx sub-encoding to TS1/4 on input line 395.
Package textcomp Info: Setting futj sub-encoding to TS1/4 on input line 396.
Package textcomp Info: Setting hlh sub-encoding to TS1/3 on input line 397.
Package textcomp Info: Setting hls sub-encoding to TS1/3 on input line 398.
Package textcomp Info: Setting hlst sub-encoding to TS1/3 on input line 399.
Package textcomp Info: Setting hlct sub-encoding to TS1/5 on input line 400.
Package textcomp Info: Setting hlx sub-encoding to TS1/5 on input line 401.
Package textcomp Info: Setting hlce sub-encoding to TS1/5 on input line 402.
Package textcomp Info: Setting hlcn sub-encoding to TS1/5 on input line 403.
Package textcomp Info: Setting hlcw sub-encoding to TS1/5 on input line 404.
Package textcomp Info: Setting hlcf sub-encoding to TS1/5 on input line 405.
Package textcomp Info: Setting pplx sub-encoding to TS1/3 on input line 406.
Package textcomp Info: Setting pplj sub-encoding to TS1/3 on input line 407.
Package textcomp Info: Setting ptmx sub-encoding to TS1/4 on input line 408.
Package textcomp Info: Setting ptmj sub-encoding to TS1/4 on input line 409.
)
LaTeX Info: Redefining \dagger on input line 84.
LaTeX Info: Redefining \ddagger on input line 84.
LaTeX Info: Redefining \mathparagraph on input line 84.
LaTeX Info: Redefining \mathsection on input line 84.
LaTeX Info: Redefining \mathdollar on input line 84.
LaTeX Info: Redefining \mathsterling on input line 84.
LaTeX Info: Redefining \yen on input line 84.
LaTeX Info: Redefining \circledR on input line 84.
LaTeX Info: Redefining \circledS on input line 84.
LaTeX Info: Redefining \Re on input line 84.
LaTeX Info: Redefining \Im on input line 84.
LaTeX Info: Redefining \dotplus on input line 84.
LaTeX Info: Redefining \thicksim on input line 84.
LaTeX Info: Redefining \thickapprox on input line 84.
LaTeX Info: Redefining \veebar on input line 84.
LaTeX Info: Redefining \barwedge on input line 84.
LaTeX Info: Redefining \doublebarwedge on input line 84.
LaTeX Info: Redefining \centerdot on input line 84.
LaTeX Info: Redefining \divideontimes on input line 84.
\symMnSyA=\mathgroup6
\symMnSyB=\mathgroup7
\symMnSyC=\mathgroup8
\symMnSyD=\mathgroup9
LaTeX Font Info:    Redeclaring symbol font `largesymbols' on input line 119.
LaTeX Font Info:    Overwriting symbol font `largesymbols' in version `normal'
(Font)                  OMX/cmex/m/n --> OMX/MnSymbolE/m/n on input line 119.
LaTeX Font Info:    Overwriting symbol font `largesymbols' in version `bold'
(Font)                  OMX/cmex/m/n --> OMX/MnSymbolE/m/n on input line 119.
LaTeX Font Info:    Redeclaring symbol font `symbols' on input line 120.
LaTeX Font Info:    Encoding `OMS' has changed to `U' for symbol font
(Font)              `symbols' in the math version `normal' on input line 120.
LaTeX Font Info:    Overwriting symbol font `symbols' in version `normal'
(Font)                  OMS/cmsy/m/n --> U/MnSymbolF/m/n on input line 120.
LaTeX Font Info:    Encoding `OMS' has changed to `U' for symbol font
(Font)              `symbols' in the math version `bold' on input line 120.
LaTeX Font Info:    Overwriting symbol font `symbols' in version `bold'
(Font)                  OMS/cmsy/b/n --> U/MnSymbolF/m/n on input line 120.
LaTeX Font Info:    Overwriting symbol font `MnSyA' in version `bold'
(Font)                  U/MnSymbolA/m/n --> U/MnSymbolA/b/n on input line 121.
LaTeX Font Info:    Overwriting symbol font `MnSyB' in version `bold'
(Font)                  U/MnSymbolB/m/n --> U/MnSymbolB/b/n on input line 122.
LaTeX Font Info:    Overwriting symbol font `MnSyC' in version `bold'
(Font)                  U/MnSymbolC/m/n --> U/MnSymbolC/b/n on input line 123.
LaTeX Font Info:    Overwriting symbol font `MnSyD' in version `bold'
(Font)                  U/MnSymbolD/m/n --> U/MnSymbolD/b/n on input line 124.
LaTeX Font Info:    Overwriting symbol font `largesymbols' in version `bold'
(Font)                  OMX/MnSymbolE/m/n --> OMX/MnSymbolE/b/n on input line 1
25.
LaTeX Font Info:    Overwriting symbol font `symbols' in version `bold'
(Font)                  U/MnSymbolF/m/n --> U/MnSymbolF/b/n on input line 126.
LaTeX Font Info:    Redeclaring math alphabet \mathcal on input line 241.
LaTeX Font Info:    Overwriting math alphabet `\mathcal' in version `bold'
(Font)                  OMS/MnSymbolS/m/n --> OMS/MnSymbolS/b/n on input line 2
41.
LaTeX Info: Redefining \longrightarrow on input line 548.
LaTeX Info: Redefining \longleftarrow on input line 549.
LaTeX Info: Redefining \longleftrightarrow on input line 550.
LaTeX Info: Redefining \Longrightarrow on input line 551.
LaTeX Info: Redefining \Longleftarrow on input line 552.
LaTeX Info: Redefining \Longleftrightarrow on input line 553.
LaTeX Info: Redefining \longmapsto on input line 554.
LaTeX Info: Redefining \vdots on input line 868.
LaTeX Font Info:    Redeclaring math symbol \braceld on input line 1721.
LaTeX Font Info:    Redeclaring math symbol \bracelu on input line 1722.
LaTeX Font Info:    Redeclaring math symbol \bracerd on input line 1723.
LaTeX Font Info:    Redeclaring math symbol \braceru on input line 1724.
LaTeX Info: Redefining \downbracefill on input line 1799.
LaTeX Info: Redefining \upbracefill on input line 1800.
LaTeX Info: Redefining \overbrace on input line 1819.
LaTeX Info: Redefining \underbrace on input line 1820.
LaTeX Info: Redefining \surd on input line 1843.
LaTeX Font Info:    Redeclaring math accent \widehat on input line 1845.
LaTeX Font Info:    Redeclaring math accent \widetilde on input line 1846.
LaTeX Font Info:    Redeclaring math accent \vec on input line 1848.
)
(C:\Users\Brendan\AppData\Roaming\MiKTeX\2.9\tex\latex\cancel\cancel.sty
Package: cancel 2013/04/12 v2.2 Cancel math terms
)
(C:\Users\Brendan\AppData\Roaming\MiKTeX\2.9\tex\latex\imakeidx\imakeidx.sty
Package: imakeidx 2016/10/15 v1.3e Package for typesetting indices in a synchro
nous mode

("C:\Program Files\MiKTeX 2.9\tex\generic\oberdiek\ifluatex.sty"
Package: ifluatex 2016/05/16 v1.4 Provides the ifluatex switch (HO)
Package ifluatex Info: LuaTeX not detected.
)
("C:\Program Files\MiKTeX 2.9\tex\latex\tools\multicol.sty"
Package: multicol 2017/04/11 v1.8q multicolumn formatting (FMi)
\c@tracingmulticols=\count143
\mult@box=\box48
\multicol@leftmargin=\dimen283
\c@unbalance=\count144
\c@collectmore=\count145
\doublecol@number=\count146
\multicoltolerance=\count147
\multicolpretolerance=\count148
\full@width=\dimen284
\page@free=\dimen285
\premulticols=\dimen286
\postmulticols=\dimen287
\multicolsep=\skip54
\multicolbaselineskip=\skip55
\partial@page=\box49
\last@line=\box50
\maxbalancingoverflow=\dimen288
\mult@rightbox=\box51
\mult@grightbox=\box52
\mult@gfirstbox=\box53
\mult@firstbox=\box54
\@tempa=\box55
\@tempa=\box56
\@tempa=\box57
\@tempa=\box58
\@tempa=\box59
\@tempa=\box60
\@tempa=\box61
\@tempa=\box62
\@tempa=\box63
\@tempa=\box64
\@tempa=\box65
\@tempa=\box66
\@tempa=\box67
\@tempa=\box68
\@tempa=\box69
\@tempa=\box70
\@tempa=\box71
\c@columnbadness=\count149
\c@finalcolumnbadness=\count150
\last@try=\dimen289
\multicolovershoot=\dimen290
\multicolundershoot=\dimen291
\mult@nat@firstbox=\box72
\colbreak@box=\box73
\mc@col@check@num=\count151
))
\"Math 5591H Notes"@idxfile=\write5
\openout5 = `"Math 5591H Notes.idx"'.


Writing index file "Math 5591H Notes".idx
(C:\Users\Brendan\AppData\Roaming\MiKTeX\2.9\tex\latex\titlesec\frame.tss
File: frame.tss 2016/03/15
)
("C:\Program Files\MiKTeX 2.9\tex\latex\hyperref\hyperref.sty"
Package: hyperref 2018/02/06 v6.86b Hypertext links for LaTeX

("C:\Program Files\MiKTeX 2.9\tex\generic\oberdiek\hobsub-hyperref.sty"
Package: hobsub-hyperref 2016/05/16 v1.14 Bundle oberdiek, subset hyperref (HO)


("C:\Program Files\MiKTeX 2.9\tex\generic\oberdiek\hobsub-generic.sty"
Package: hobsub-generic 2016/05/16 v1.14 Bundle oberdiek, subset generic (HO)
Package: hobsub 2016/05/16 v1.14 Construct package bundles (HO)
Package: infwarerr 2016/05/16 v1.4 Providing info/warning/error messages (HO)
Package: ltxcmds 2016/05/16 v1.23 LaTeX kernel commands for general use (HO)
Package hobsub Info: Skipping package `ifluatex' (already loaded).
Package hobsub Info: Skipping package `ifvtex' (already loaded).
Package: intcalc 2016/05/16 v1.2 Expandable calculations with integers (HO)
Package hobsub Info: Skipping package `ifpdf' (already loaded).
Package: etexcmds 2016/05/16 v1.6 Avoid name clashes with e-TeX commands (HO)
Package etexcmds Info: Could not find \expanded.
(etexcmds)             That can mean that you are not using pdfTeX 1.50 or
(etexcmds)             that some package has redefined \expanded.
(etexcmds)             In the latter case, load this package earlier.
Package: kvsetkeys 2016/05/16 v1.17 Key value parser (HO)
Package: kvdefinekeys 2016/05/16 v1.4 Define keys (HO)
Package: pdftexcmds 2018/01/21 v0.26 Utility functions of pdfTeX for LuaTeX (HO
)
Package pdftexcmds Info: LuaTeX not detected.
Package pdftexcmds Info: pdfTeX >= 1.30 not detected.
Package pdftexcmds Info: \pdf@primitive is available.
Package pdftexcmds Info: \pdf@ifprimitive is available.
Package pdftexcmds Info: \pdfdraftmode not found.
Package: pdfescape 2016/05/16 v1.14 Implements pdfTeX's escape features (HO)
Package: bigintcalc 2016/05/16 v1.4 Expandable calculations on big integers (HO
)
Package: bitset 2016/05/16 v1.2 Handle bit-vector datatype (HO)
Package: uniquecounter 2016/05/16 v1.3 Provide unlimited unique counter (HO)
)
Package hobsub Info: Skipping package `hobsub' (already loaded).
Package: letltxmacro 2016/05/16 v1.5 Let assignment for LaTeX macros (HO)
Package: hopatch 2016/05/16 v1.3 Wrapper for package hooks (HO)
Package: xcolor-patch 2016/05/16 xcolor patch
Package: atveryend 2016/05/16 v1.9 Hooks at the very end of document (HO)
Package atveryend Info: \enddocument detected (standard20110627).
Package: atbegshi 2016/06/09 v1.18 At begin shipout hook (HO)
Package: refcount 2016/05/16 v3.5 Data extraction from label references (HO)
Package: hycolor 2016/05/16 v1.8 Color options for hyperref/bookmark (HO)
)
("C:\Program Files\MiKTeX 2.9\tex\latex\oberdiek\auxhook.sty"
Package: auxhook 2016/05/16 v1.4 Hooks for auxiliary files (HO)
)
("C:\Program Files\MiKTeX 2.9\tex\latex\oberdiek\kvoptions.sty"
Package: kvoptions 2016/05/16 v3.12 Key value format for package options (HO)
)
\@linkdim=\dimen292
\Hy@linkcounter=\count152
\Hy@pagecounter=\count153

("C:\Program Files\MiKTeX 2.9\tex\latex\hyperref\pd1enc.def"
File: pd1enc.def 2018/02/06 v6.86b Hyperref: PDFDocEncoding definition (HO)
)
\Hy@SavedSpaceFactor=\count154

("C:\Program Files\MiKTeX 2.9\tex\latex\00miktex\hyperref.cfg"
File: hyperref.cfg 2002/06/06 v1.2 hyperref configuration of TeXLive
)
Package hyperref Info: Hyper figures OFF on input line 4509.
Package hyperref Info: Link nesting OFF on input line 4514.
Package hyperref Info: Hyper index ON on input line 4517.
Package hyperref Info: Plain pages OFF on input line 4524.
Package hyperref Info: Backreferencing OFF on input line 4529.
Package hyperref Info: Implicit mode ON; LaTeX internals redefined.
Package hyperref Info: Bookmarks ON on input line 4762.
\c@Hy@tempcnt=\count155
LaTeX Info: Redefining \url on input line 5115.
\XeTeXLinkMargin=\dimen293
\Fld@menulength=\count156
\Field@Width=\dimen294
\Fld@charsize=\dimen295
Package hyperref Info: Hyper figures OFF on input line 6369.
Package hyperref Info: Link nesting OFF on input line 6374.
Package hyperref Info: Hyper index ON on input line 6377.
Package hyperref Info: backreferencing OFF on input line 6384.
Package hyperref Info: Link coloring OFF on input line 6389.
Package hyperref Info: Link coloring with OCG OFF on input line 6394.
Package hyperref Info: PDF/A mode OFF on input line 6399.
LaTeX Info: Redefining \ref on input line 6439.
LaTeX Info: Redefining \pageref on input line 6443.
\Hy@abspage=\count157
\c@Item=\count158
\c@Hfootnote=\count159
)
Package hyperref Info: Driver (autodetected): hxetex.

("C:\Program Files\MiKTeX 2.9\tex\latex\hyperref\hxetex.def"
File: hxetex.def 2018/02/06 v6.86b Hyperref driver for XeTeX

("C:\Program Files\MiKTeX 2.9\tex\latex\hyperref\puenc.def"
File: puenc.def 2018/02/06 v6.86b Hyperref: PDF Unicode definition (HO)
)
("C:\Program Files\MiKTeX 2.9\tex\generic\oberdiek\stringenc.sty"
Package: stringenc 2016/05/16 v1.11 Convert strings between diff. encodings (HO
)
)
\pdfm@box=\box74
\c@Hy@AnnotLevel=\count160
\HyField@AnnotCount=\count161
\Fld@listcount=\count162
\c@bookmark@seq@number=\count163

("C:\Program Files\MiKTeX 2.9\tex\latex\oberdiek\rerunfilecheck.sty"
Package: rerunfilecheck 2016/05/16 v1.8 Rerun checks for auxiliary files (HO)
Package rerunfilecheck Info: Feature \pdfmdfivesum is not available
(rerunfilecheck)             (e.g. pdfTeX or LuaTeX with package `pdftexcmds').

(rerunfilecheck)             Therefore file contents cannot be checked efficien
tly
(rerunfilecheck)             and the loading of the package is aborted.
)
\Hy@SectionHShift=\skip56
)
Package hyperref Info: Option `colorlinks' set `true' on input line 119.
\c@Thm=\count164
\c@theorem=\count165
\c@e=\count166
\c@namedthm=\count167
\"Math 5591H Notes"@idxfile=\write6
\openout6 = `"Math 5591H Notes.idx"'.


Writing index file "Math 5591H Notes".idx
("Math 5591H Notes.aux")
\openout1 = `"Math 5591H Notes.aux"'.

LaTeX Font Info:    Checking defaults for OML/cmm/m/it on input line 249.
LaTeX Font Info:    ... okay on input line 249.
LaTeX Font Info:    Checking defaults for T1/cmr/m/n on input line 249.
LaTeX Font Info:    ... okay on input line 249.
LaTeX Font Info:    Checking defaults for OT1/cmr/m/n on input line 249.
LaTeX Font Info:    ... okay on input line 249.
LaTeX Font Info:    Checking defaults for OMS/cmsy/m/n on input line 249.
LaTeX Font Info:    ... okay on input line 249.
LaTeX Font Info:    Checking defaults for TU/lmr/m/n on input line 249.
LaTeX Font Info:    ... okay on input line 249.
LaTeX Font Info:    Checking defaults for OMX/cmex/m/n on input line 249.
LaTeX Font Info:    ... okay on input line 249.
LaTeX Font Info:    Checking defaults for U/cmr/m/n on input line 249.
LaTeX Font Info:    ... okay on input line 249.
LaTeX Font Info:    Checking defaults for TS1/cmr/m/n on input line 249.
LaTeX Font Info:    Try loading font information for TS1+cmr on input line 249.

 ("C:\Program Files\MiKTeX 2.9\tex\latex\base\ts1cmr.fd"
File: ts1cmr.fd 2014/09/29 v2.5h Standard LaTeX font definitions
)
LaTeX Font Info:    ... okay on input line 249.
LaTeX Font Info:    Checking defaults for PD1/pdf/m/n on input line 249.
LaTeX Font Info:    ... okay on input line 249.
LaTeX Font Info:    Checking defaults for PU/pdf/m/n on input line 249.
LaTeX Font Info:    ... okay on input line 249.
LaTeX Font Info:    Try loading font information for U+msa on input line 249.
 ("C:\Program Files\MiKTeX 2.9\tex\latex\amsfonts\umsa.fd"
File: umsa.fd 2013/01/14 v3.01 AMS symbols A
)
LaTeX Font Info:    Try loading font information for U+msb on input line 249.

("C:\Program Files\MiKTeX 2.9\tex\latex\amsfonts\umsb.fd"
File: umsb.fd 2013/01/14 v3.01 AMS symbols B
)
*geometry* detected driver: pdftex
*geometry* verbose mode - [ preamble ] result:
* driver: pdftex
* paper: custom
* layout: <same size as paper>
* layoutoffset:(h,v)=(0.0pt,0.0pt)
* modes: twoside 
* h-part:(L,W,R)=(72.26999pt, 307.1475pt, 54.2025pt)
* v-part:(T,H,B)=(54.2025pt, 542.025pt, 54.2025pt)
* \paperwidth=433.62pt
* \paperheight=650.43pt
* \textwidth=307.1475pt
* \textheight=542.025pt
* \oddsidemargin=0.0pt
* \evensidemargin=-18.06749pt
* \topmargin=-40.06749pt
* \headheight=8.0pt
* \headsep=14.0pt
* \topskip=10.0pt
* \footskip=18.0pt
* \marginparwidth=90.0pt
* \marginparsep=11.0pt
* \columnsep=10.0pt
* \skip\footins=7.0pt plus 11.0pt
* \hoffset=0.0pt
* \voffset=0.0pt
* \mag=1000
* \@twocolumnfalse
* \@twosidetrue
* \@mparswitchtrue
* \@reversemarginfalse
* (1in=72.27pt=25.4mm, 1cm=28.453pt)

ABD: EveryShipout initializing macros
\AtBeginShipoutBox=\box75
Package hyperref Info: Link coloring ON on input line 249.

("C:\Program Files\MiKTeX 2.9\tex\latex\hyperref\nameref.sty"
Package: nameref 2016/05/21 v2.44 Cross-referencing by name of section

("C:\Program Files\MiKTeX 2.9\tex\generic\oberdiek\gettitlestring.sty"
Package: gettitlestring 2016/05/16 v1.5 Cleanup title references (HO)
)
\c@section@level=\count168
)
LaTeX Info: Redefining \ref on input line 249.
LaTeX Info: Redefining \pageref on input line 249.
LaTeX Info: Redefining \nameref on input line 249.

("Math 5591H Notes.out") ("Math 5591H Notes.out")
\@outlinefile=\write7
\openout7 = `"Math 5591H Notes.out"'.

File: osuLogo.png Graphic file (type bmp)
<osuLogo.png>

Underfull \vbox (badness 10000) has occurred while \output is active []


("C:\Program Files\MiKTeX 2.9\tex\generic\oberdiek\se-ascii-print.def"
File: se-ascii-print.def 2016/05/16 v1.11 stringenc: Printable ASCII characters

)
[0


] [4


]
Contents
("Math 5591H Notes.toc" [5])
\tf@toc=\write8
\openout8 = `"Math 5591H Notes.toc"'.

 [6]
Overfull \hbox (14.28728pt too wide) in paragraph at lines 412--414
[][][]\TU/lmr/m/sc/9 Theorem \TU/lmr/m/n/9 0.8 (\TU/lmr/bx/n/9 Eisenstein’s Cri
terion\TU/lmr/m/n/9 )\TU/lmr/m/sc/9 . []\TU/lmr/m/it/9 Consider $\OML/cmm/m/it/
9 q\OMX/MnSymbolE/m/n/9 ^^88\OML/cmm/m/it/9 x\OMX/MnSymbolE/m/n/9 ^^8d \U/MnSym
bolD/m/n/9 ^^@ \OML/cmm/m/it/9 a[]x[] \U/MnSymbolC/m/n/9 ^^T \OML/cmm/m/it/9 a[
]x[] \U/MnSymbolC/m/n/9 ^^T
 []

[7] [8


]

Package hyperref Warning: Token not allowed in a PDF string (Unicode):
(hyperref)                \kern 4.5pt
(hyperref)                replaced by space on input line 430.


Package hyperref Warning: Token not allowed in a PDF string (Unicode):
(hyperref)                removing `\noindent' on input line 430.

[1


] [2


]
Chapter 10
[3] [4] [5] [6] [7] [8] [9] [10] [11] [12]
Overfull \hbox (6.38844pt too wide) in paragraph at lines 1000--1001
[]\TU/lmr/m/n/9 If $\OML/cmm/m/it/9 R$ \TU/lmr/m/n/9 is commutative, and $\OML/
cmm/m/it/9 c \U/MnSymbolD/m/n/9 > \OML/cmm/m/it/9 R$\TU/lmr/m/n/9 , then $\OML/
cmm/m/it/9 '\OMX/MnSymbolE/m/n/9 ^^88\OML/cmm/m/it/9 u\OMX/MnSymbolE/m/n/9 ^^8d
 \U/MnSymbolD/m/n/9 ^^@ \OML/cmm/m/it/9 cu$ \TU/lmr/m/n/9 is an $\OML/cmm/m/it/
9 R$\TU/lmr/m/n/9 -endomorphism
 []

[13] [14] [15] [16] [17]
Overfull \hbox (17.86452pt too wide) in paragraph at lines 1266--1266
\OML/cmm/m/it/9 R[] \U/MnSymbolA/m/n/9 ^^@ \OMX/MnSymbolE/m/n/9 ^^88\OML/cmm/m/
it/9 R\OMX/MnSymbolE/m/n/9 ~\OML/cmm/m/it/9 I\OMX/MnSymbolE/m/n/9 ^^8d[]$ \TU/l
mr/m/n/9 by $\OMX/MnSymbolE/m/n/9 ^^88\OML/cmm/m/it/9 a[]; :::; a[]\OMX/MnSymbo
lE/m/n/9 ^^8d \U/MnSymbolA/m/n/9 ( \OMX/MnSymbolE/m/n/9 ^^88\OML/cmm/m/it/9 a[]
[]  I; :::; a[][]  I\OMX/MnSymbolE/m/n/9 ^^8d \U/MnSymbolD/m/n/9 ^^@ \OMX/MnSym
bolE/m/n/9 ^^88[]\OML/cmm/m/it/9 ; :::; []\OMX/MnSymbolE/m/n/9 ^^8d \U/MnSymbol
D/m/n/9 >
 []


Overfull \hbox (52.06033pt too wide) in paragraph at lines 1266--1266
\OMX/MnSymbolE/m/n/9 ^^88\OML/cmm/m/it/9 R\OMX/MnSymbolE/m/n/9 ~\OML/cmm/m/it/9
 I\OMX/MnSymbolE/m/n/9 ^^8d[]$\TU/lmr/m/n/9 . This is clearly surjective. And t
he kernel is just $\OML/cmm/m/it/9 I[] []$\TU/lmr/m/n/9 .
 []

[18] [19] [20]
Overfull \hbox (20.39003pt too wide) detected at line 1463
[] \OML/cmm/m/it/9 M[] \U/MnSymbolD/m/n/9 ^^@ \OMX/MnSymbolE/m/n/9 ^^98\OML/cmm
/m/it/9 f \U/MnSymbolC/m/n/9 ^^B \OT1/cmr/m/n/9 ^^C \U/MnSymbolA/m/n/9 ^^@ \U/M
nSymbolC/m/n/9 8\OML/cmm/m/it/9 M[] \U/MnSymbolC/m/n/9 ^^B ¦\OML/cmm/m/it/9 ^^K
 \U/MnSymbolD/m/n/9 > \OT1/cmr/m/n/9 ^^C\OML/cmm/m/it/9 ; f\OMX/MnSymbolE/m/n/9
 ^^88\OML/cmm/m/it/9 ^^K\OMX/MnSymbolE/m/n/9 ^^8d \U/MnSymbolD/m/n/9 > \OML/cmm
/m/it/9 M[]; f\OMX/MnSymbolE/m/n/9 ^^88\OML/cmm/m/it/9 ^^K\OMX/MnSymbolE/m/n/9 
^^8d \U/MnSymbolD/m/n/9 ^^@ \OT1/cmr/m/n/9 0[]\OML/cmm/m/it/9 ^^K\OMX/MnSymbolE
/m/n/9 ^^9d\OML/cmm/m/it/9 :
 []

[21] [22] [23] [24]
Overfull \hbox (6.07112pt too wide) detected at line 1666
\OML/cmm/m/it/9 cv[] \U/MnSymbolC/m/n/9 ^^T \OML/cmm/m/it/9 c[]u[] \U/MnSymbolC
/m/n/9 ^^T ^^E ^^T \OML/cmm/m/it/9 c[]u[] \U/MnSymbolD/m/n/9 ^^@ \OT1/cmr/m/n/9
 0 \U/MnSymbolD/m/n/9 ^^@ \OML/cmm/m/it/9 c\OMX/MnSymbolE/m/n/9 ^^88\OML/cmm/m/
it/9 a[]u[] \U/MnSymbolC/m/n/9 ^^T ^^E\OML/cmm/m/it/9 a[]u[]\OMX/MnSymbolE/m/n/
9 ^^8d \U/MnSymbolC/m/n/9 ^^T \OML/cmm/m/it/9 c[]u[] \U/MnSymbolC/m/n/9 ^^T ^^E
 ^^T \OML/cmm/m/it/9 c[]u[] \U/MnSymbolD/m/n/9 ^^@ \OML/cmm/m/it/9 ca[]u[] \U/M
nSymbolC/m/n/9 ^^T [] [][]\OML/cmm/m/it/9 d[]u[];
 []

[25] [26]
Overfull \hbox (8.38028pt too wide) in paragraph at lines 1776--1777
[]\TU/lmr/bx/n/9 Injectivity:  \TU/lmr/m/n/9 Let $\OT1/cmr/m/n/9 ^^H\OMX/MnSymb
olE/m/n/9 ^^88^^88\OML/cmm/m/it/9 '[];  []\OMX/MnSymbolE/m/n/9 ^^8d^^8d \U/MnSy
mbolD/m/n/9 ^^@ \OML/cmm/m/it/9 '[] \U/MnSymbolC/m/n/9 ^^T \OML/cmm/m/it/9  [] 
\U/MnSymbolD/m/n/9 ^^@ \OML/cmm/m/it/9 '[] \U/MnSymbolC/m/n/9 ^^T \OML/cmm/m/it
/9  [] \U/MnSymbolD/m/n/9 ^^@ \OT1/cmr/m/n/9 ^^H\OMX/MnSymbolE/m/n/9 ^^88^^88\O
ML/cmm/m/it/9 '[];  []\OMX/MnSymbolE/m/n/9 ^^8d^^8d \U/MnSymbolD/m/n/9 >
 []

[27]
Overfull \hbox (17.89583pt too wide) in paragraph at lines 1800--1801
[]\TU/lmr/bx/n/9 Injectivity:  \TU/lmr/m/n/9 Let $\OT1/cmr/m/n/9 ^^H\OMX/MnSymb
olE/m/n/9 ^^88^^88\OML/cmm/m/it/9 '[];  []\OMX/MnSymbolE/m/n/9 ^^8d^^8d \U/MnSy
mbolD/m/n/9 ^^@ \OMX/MnSymbolE/m/n/9 ^^88\OML/cmm/m/it/9 '[];  []\OMX/MnSymbolE
/m/n/9 ^^8d \U/MnSymbolD/m/n/9 ^^@ \OMX/MnSymbolE/m/n/9 ^^88\OML/cmm/m/it/9 '[]
;  []\OMX/MnSymbolE/m/n/9 ^^8d \U/MnSymbolD/m/n/9 ^^@ \OT1/cmr/m/n/9 ^^H\OMX/Mn
SymbolE/m/n/9 ^^88^^88\OML/cmm/m/it/9 '[];  []\OMX/MnSymbolE/m/n/9 ^^8d^^8d$\TU
/lmr/m/n/9 .
 []

[28] [29] [30] [31] [32] [33]
Overfull \hbox (4.82553pt too wide) in paragraph at lines 2105--2106
[]$\U/MnSymbolC/m/n/9 ¦\OML/cmm/m/it/9 u \U/MnSymbolD/m/n/9 > \OML/cmm/m/it/9 M
$\TU/lmr/m/n/9 , $\OML/cmm/m/it/9 u \U/MnSymbolD/m/n/9 ^^@ [] \OML/cmm/m/it/9 a
[]u[]; u[] \U/MnSymbolD/m/n/9 > \OML/cmm/m/it/9 B$\TU/lmr/m/n/9 . And $\U/MnSym
bolC/m/n/9 ¦\OML/cmm/m/it/9 v \U/MnSymbolD/m/n/9 > \OML/cmm/m/it/9 N; v \U/MnSy
mbolD/m/n/9 ^^@ [] \OML/cmm/m/it/9 b[]v[]; v[] \U/MnSymbolD/m/n/9 >
 []

[34]
Overfull \hbox (14.55714pt too wide) in paragraph at lines 2220--2221
[]\TU/lmr/m/n/9 The mapping $\OML/cmm/m/it/9 ^^M \U/MnSymbolC/m/n/9 ^^B \OMX/Mn
SymbolE/m/n/9 ^^88\OML/cmm/m/it/9 u; []\OMX/MnSymbolE/m/n/9 ^^8d \U/MnSymbolD/m
/n/9 ^^@ \OML/cmm/m/it/9 a[]  I \U/MnSymbolA/m/n/9 ( [] \U/MnSymbolD/m/n/9 ^^@ 
\OML/cmm/m/it/9 au[]  \OMX/MnSymbolE/m/n/9 ^^88\OML/cmm/m/it/9 IM\OMX/MnSymbolE
/m/n/9 ^^8d$\TU/lmr/m/n/9 .
 []

[35]

LaTeX Warning: Characters dropped after `\end{comment}' on input line 2264.

[36] [37] [38] [39] [40] [41]
Overfull \hbox (34.02773pt too wide) detected at line 2617
[][][]
 []

[42] [43] [44] [45] [46] [47] [48] [49] <xymatrix 6x5 956>
Overfull \hbox (26.72197pt too wide) detected at line 3073
[]
 []

[50] [51] [52]
Underfull \hbox (badness 10000) in paragraph at lines 3262--3264

 []

[53] [54]
Overfull \hbox (15.7087pt too wide) in paragraph at lines 3403--3404
[]\TU/lmr/m/n/9 For any $\OML/cmm/m/it/9 R$\TU/lmr/m/n/9 -module $\OML/cmm/m/it
/9 A$\TU/lmr/m/n/9 , we have new modules $\OML/cmm/m/it/9 Hom[]\OMX/MnSymbolE/m
/n/9 ^^88\OML/cmm/m/it/9 M; A\OMX/MnSymbolE/m/n/9 ^^8d$ \TU/lmr/m/n/9 and $\OML
/cmm/m/it/9 Hom[]\OMX/MnSymbolE/m/n/9 ^^88\OML/cmm/m/it/9 A; M\OMX/MnSymbolE/m/
n/9 ^^8d$\TU/lmr/m/n/9 . 
 []

[55] [56] [57] [58]
Underfull \vbox (badness 4595) has occurred while \output is active []

 [59]
[60]
Chapter 11
[61


] [62] [63] [64] [65] [66]
Overfull \hbox (9.09793pt too wide) in paragraph at lines 4164--4165
[]\TU/lmr/m/n/9 We prove that $\OML/cmm/m/it/9 V \U/MnSymbolD/m/n/9 ^^@ \OML/cm
m/m/it/9 Image' \U/MnSymbolC/m/n/9 ^^T \OML/cmm/m/it/9 ker'$\TU/lmr/m/n/9 . Sin
ce $\OML/cmm/m/it/9 Image' \U/MnSymbolD/m/n/9 b
 []

[67] [68]
Overfull \hbox (2.3856pt too wide) in paragraph at lines 4260--4261
[]\TU/lmr/m/n/9 If $[]$ is the dual basis of $[]$, then images of $[]$
 []

[69] [70] [71]
Overfull \hbox (2.19522pt too wide) in paragraph at lines 4386--4387
[]\TU/lmr/m/n/9 Recall Definition [][]11.20[][]. Let $\OML/cmm/m/it/9 v; w \U/M
nSymbolD/m/n/9 > \OML/cmm/m/it/9 Ann\OMX/MnSymbolE/m/n/9 ^^88\OML/cmm/m/it/9 S\
OMX/MnSymbolE/m/n/9 ^^8d$\TU/lmr/m/n/9 . Then
 []


Overfull \hbox (4.4247pt too wide) in paragraph at lines 4406--4407
[]\TU/lmr/m/n/9 Now we apply the result of part (c). We want to show $\OML/cmm/
m/it/9 Ann\OMX/MnSymbolE/m/n/9 ^^88\OML/cmm/m/it/9 W[] \U/MnSymbolC/m/n/9 9
 []


Overfull \hbox (6.7513pt too wide) in paragraph at lines 4409--4411
\OML/cmm/m/it/9 Ann\OMX/MnSymbolE/m/n/9 ^^88\OML/cmm/m/it/9 W[]\OMX/MnSymbolE/m
/n/9 ^^8d \U/MnSymbolC/m/n/9 ^^T \OML/cmm/m/it/9 Ann\OMX/MnSymbolE/m/n/9 ^^88\O
ML/cmm/m/it/9 W[]\OMX/MnSymbolE/m/n/9 ^^8d \U/MnSymbolD/m/n/9 ^^@ \OML/cmm/m/it
/9 A \U/MnSymbolD/m/n/9 ^^@ \OML/cmm/m/it/9 F\OMX/MnSymbolE/m/n/9 ^^88\OML/cmm/
m/it/9 B[] \U/MnSymbolC/m/n/9 ^^S \OMX/MnSymbolE/m/n/9 ^^88[] \U/MnSymbolC/m/n/
9 9 []\OMX/MnSymbolE/m/n/9 ^^8d^^8d$\TU/lmr/m/n/9 .
 []

[72] [73]
Overfull \hbox (13.74841pt too wide) in paragraph at lines 4465--4466
[]\TU/lmr/m/n/9 We have a basis of $[]$ of $\OML/cmm/m/it/9 V$\TU/lmr/m/n/9 . L
et $[]$
 []


Underfull \vbox (badness 10000) has occurred while \output is active []

 [74]
[75] [76] [77] [78] [79]
Overfull \hbox (25.91057pt too wide) in paragraph at lines 4918--4919
\OML/cmm/m/it/9 k$\TU/lmr/m/n/9 -linear symmetric mapping. Recall that symmetri
c means that $\OT1/cmr/m/n/9 ^^H\OMX/MnSymbolE/m/n/9 ^^88\OML/cmm/m/it/9 u[]; :
::; u[]\OMX/MnSymbolE/m/n/9 ^^8d \U/MnSymbolD/m/n/9 ^^@
 []

[80] [81] [82] [83] [84


]
Chapter 12

Underfull \vbox (badness 1960) has occurred while \output is active []

 [85]
[86]
Overfull \hbox (28.09723pt too wide) in paragraph at lines 5248--5249
[]\TU/lmr/m/n/9 Suppose $\OML/cmm/m/it/9 M\OMX/MnSymbolE/m/n/9 ~\OML/cmm/m/it/9
 R []$ \TU/lmr/m/n/9 is not torsion. Then $\U/MnSymbolC/m/n/9 §\OML/cmm/m/it/9 
u[] \U/MnSymbolD/m/n/9 > \OML/cmm/m/it/9 M\OMX/MnSymbolE/m/n/9 ~\OML/cmm/m/it/9
 R []$
 []

[87] [88] [89]
Overfull \hbox (15.23386pt too wide) in paragraph at lines 5416--5418
\TU/lmr/m/n/9 with $\OML/cmm/m/it/9 c[]\OMX/MnSymbolE/m/n/9 S\OML/cmm/m/it/9 c[
]\OMX/MnSymbolE/m/n/9 S\OML/cmm/m/it/9 :::\OMX/MnSymbolE/m/n/9 S\OML/cmm/m/it/9
 c[]$\TU/lmr/m/n/9 . We have a new basis $[]$ in $\OML/cmm/m/it/9 M \U/MnSymbol
D/m/n/9 ^^@ \OML/cmm/m/it/9 R[]$ \TU/lmr/m/n/9 and $[]$
 []

[90] [91]
Missing character: There is no • in font cmr9!
 [92] [93]
Overfull \hbox (6.17525pt too wide) in paragraph at lines 5741--5742
[]\TU/lmr/m/n/9 A basis in $\OML/cmm/m/it/9 M$ \TU/lmr/m/n/9 will be $[]$. Wher
e
 []

[94]
Overfull \hbox (21.14313pt too wide) in paragraph at lines 5785--5786
[]\TU/lmr/m/n/9 Now we prove in the other direction. Assume that $\OML/cmm/m/it
/9 M\OMX/MnSymbolE/m/n/9 ~\OML/cmm/m/it/9 R []$
 []

[95] [96] [97] [98]
Overfull \hbox (25.79701pt too wide) in paragraph at lines 5993--5994
[]\TU/lmr/m/n/9 Let $\OML/cmm/m/it/9 f\OMX/MnSymbolE/m/n/9 ^^88\OML/cmm/m/it/9 
x\OMX/MnSymbolE/m/n/9 ^^8d \U/MnSymbolD/m/n/9 ^^@ \OML/cmm/m/it/9 x[] \U/MnSymb
olC/m/n/9 ^^T ^^E ^^T \OML/cmm/m/it/9 a[]x \U/MnSymbolC/m/n/9 ^^T \OML/cmm/m/it
/9 a[]$\TU/lmr/m/n/9 . Then $\OML/cmm/m/it/9 F\OMX/MnSymbolE/m/n/9 ^^@\OML/cmm/
m/it/9 x\OMX/MnSymbolE/m/n/9 ^^E~^^88\OML/cmm/m/it/9 f\OMX/MnSymbolE/m/n/9 ^^8d
 \U/MnSymbolD/m/n/9 ^^@ []$\TU/lmr/m/n/9 ,
 []

[99] [100] [101] [102] [103] [104]

Package hyperref Warning: Token not allowed in a PDF string (Unicode):
(hyperref)                \kern 4.5pt
(hyperref)                replaced by space on input line 6389.


Package hyperref Warning: Token not allowed in a PDF string (Unicode):
(hyperref)                removing `\noindent' on input line 6389.

[105


] [106


]
Chapter 13
[107]
Overfull \hbox (13.19986pt too wide) in paragraph at lines 6442--6443
[]\TU/lmr/m/n/9 We have $\OML/cmm/m/it/9 Gal\OMX/MnSymbolE/m/n/9 ^^88\OML/cmm/m
/it/9 F\OMX/MnSymbolE/m/n/9 ~\OML/cmm/m/it/9 E\OMX/MnSymbolE/m/n/9 ^^8d \U/MnSy
mbolD/m/n/9 D \OML/cmm/m/it/9 Gal\OMX/MnSymbolE/m/n/9 ^^88\OML/cmm/m/it/9 F\OMX
/MnSymbolE/m/n/9 ~\OML/cmm/m/it/9 K\OMX/MnSymbolE/m/n/9 ^^8d$\TU/lmr/m/n/9 . An
d $\OML/cmm/m/it/9 Gal\OMX/MnSymbolE/m/n/9 ^^88\OML/cmm/m/it/9 E\OMX/MnSymbolE/
m/n/9 ~\OML/cmm/m/it/9 K\OMX/MnSymbolE/m/n/9 ^^8d \U/MnSymbolD/m/n/9 ^^@ \OML/c
mm/m/it/9 Gal\OMX/MnSymbolE/m/n/9 ^^88\OML/cmm/m/it/9 F\OMX/MnSymbolE/m/n/9 ~\O
ML/cmm/m/it/9 K\OMX/MnSymbolE/m/n/9 ^^8d~^^88\OML/cmm/m/it/9 Gal\OMX/MnSymbolE/
m/n/9 ^^88\OML/cmm/m/it/9 F\OMX/MnSymbolE/m/n/9 ~\OML/cmm/m/it/9 E\OMX/MnSymbol
E/m/n/9 ^^8d$\TU/lmr/m/n/9 ,
 []

[108] [109] [110]
Underfull \vbox (badness 2229) has occurred while \output is active []

 [111]
[112] [113]
Overfull \hbox (1.47896pt too wide) in paragraph at lines 6799--6800
[][][]\TU/lmr/m/sc/9 Example \TU/lmr/m/n/9 13.28\TU/lmr/m/sc/9 . []\TU/lmr/m/n/
9 Take $\OML/cmm/m/it/9 ^^K \U/MnSymbolD/m/n/9 ^^@ []\OML/cmm/m/it/9 ; F \U/MnS
ymbolD/m/n/9 ^^@ \U/msb/m/n/9 Q$\TU/lmr/m/n/9 . Then we have $[]$.
 []

[114]
Overfull \hbox (24.95097pt too wide) in paragraph at lines 6880--6881
\TU/lmr/m/n/9 basis of $\OML/cmm/m/it/9 K[]$ \TU/lmr/m/n/9 over $\OML/cmm/m/it/
9 F$\TU/lmr/m/n/9 . Then $\OML/cmm/m/it/9 K[]K[] \U/MnSymbolD/m/n/9 ^^@ \OML/cm
m/m/it/9 F\OMX/MnSymbolE/m/n/9 ^^88\OML/cmm/m/it/9 ^^K[]; :::; ^^K[]; ^^L[]; ::
:; ^^L[]\OMX/MnSymbolE/m/n/9 ^^8d \U/MnSymbolD/m/n/9 ^^@ \OML/cmm/m/it/9 F\OMX/
MnSymbolE/m/n/9 ^^@\OML/cmm/m/it/9 ^^K[]; :::; ^^K[]; ^^L[]; :::; ^^L[]\OMX/MnS
ymbolE/m/n/9 ^^E$\TU/lmr/m/n/9 ,
 []

[115] [116] [117] [118] [119]
Overfull \hbox (21.1465pt too wide) in paragraph at lines 7120--7123
\TU/lmr/m/n/9 subspaces is cyclic. Note the basis of $\OML/cmm/m/it/9 K\OMX/MnS
ymbolE/m/n/9 ~\OML/cmm/m/it/9 F$ \TU/lmr/m/n/9 is $[]$. 
 []


Overfull \hbox (4.13298pt too wide) in paragraph at lines 7125--7126
[][][]\TU/lmr/m/sc/9 Definition \TU/lmr/m/n/9 13.52\TU/lmr/m/sc/9 . []\TU/lmr/m
/n/9 And $\OML/cmm/m/it/9 F\OMX/MnSymbolE/m/n/9 ^^88\OML/cmm/m/it/9 ^^K\OMX/MnS
ymbolE/m/n/9 ^^8d$ \TU/lmr/m/n/9 is $\OML/cmm/m/it/9 ^^K$\TU/lmr/m/n/9 -cyclic:
 the basis in $\OML/cmm/m/it/9 F\OMX/MnSymbolE/m/n/9 ^^88\OML/cmm/m/it/9 ^^K\OM
X/MnSymbolE/m/n/9 ^^8d$ \TU/lmr/m/n/9 is $\OT1/cmr/m/n/9 1\OML/cmm/m/it/9 ; ^^K
; :::; ^^K[]$
 []

[120] [121] [122] [123] [124] [125] [126] [127]
Underfull \vbox (badness 2088) has occurred while \output is active []

 [128]
[129]
Missing character: There is no • in font cmr9!
 [130]
Overfull \hbox (30.06561pt too wide) in paragraph at lines 7741--7742
[][][]\TU/lmr/m/sc/9 Remark \TU/lmr/m/n/9 13.77\TU/lmr/m/sc/9 . []\TU/lmr/m/n/9
 Any subextension of a polyquadratic extension is polyquadratic,
 []


Overfull \hbox (31.09161pt too wide) in paragraph at lines 7774--7775
[][][]\TU/lmr/m/sc/9 Remark \TU/lmr/m/n/9 13.79\TU/lmr/m/sc/9 . []\TU/lmr/m/n/9
 The composite of two polyquadratic extensions is polyquadratic. 
 []

[131] [132] [133] [134] [135] [136] [137] [138] [139] [140] [141] [142]
Chapter 14
[143


]
Underfull \vbox (badness 3623) has occurred while \output is active []

 [144]
[145]
Overfull \hbox (4.11336pt too wide) in paragraph at lines 8527--8528
[][][]\TU/lmr/m/sc/9 Example \TU/lmr/m/n/9 14.14\TU/lmr/m/sc/9 . []$\U/msb/m/n/
9 Q\OMX/MnSymbolE/m/n/9 ^^88[]\OML/cmm/m/it/9 ; []\OMX/MnSymbolE/m/n/9 ^^8d~\U/
msb/m/n/9 Q$ \TU/lmr/m/n/9 is abelian, $\U/msb/m/n/9 Q\OMX/MnSymbolE/m/n/9 ^^88
[]\OML/cmm/m/it/9 ; e[]\OMX/MnSymbolE/m/n/9 ^^8d~\U/msb/m/n/9 Q$ \TU/lmr/m/n/9 
is not. $\U/msb/m/n/9 F[]\OMX/MnSymbolE/m/n/9 ~\U/msb/m/n/9 F[]$
 []

[146] [147] [148]
Overfull \hbox (23.83885pt too wide) in paragraph at lines 8659--8660
[]$\OML/cmm/m/it/9 K \U/MnSymbolD/m/n/9 ^^@ \U/msb/m/n/9 Q\OMX/MnSymbolE/m/n/9 
^^88[]\OML/cmm/m/it/9 ; []\OMX/MnSymbolE/m/n/9 ^^8d$\TU/lmr/m/n/9 . $[]\OMX/MnS
ymbolE/m/n/9 ^^88\OML/cmm/m/it/9 K\OMX/MnSymbolE/m/n/9 ~\U/msb/m/n/9 Q\OMX/MnSy
mbolE/m/n/9 ^^8d \U/MnSymbolD/m/n/9 ^^L \OML/cmm/m/it/9 V[] \U/MnSymbolD/m/n/9 
^^@ []$\TU/lmr/m/n/9 .
 []

[149] [150] [151]
Overfull \hbox (16.83716pt too wide) in paragraph at lines 8827--8828
 [] 
 []

[152] [153] [154] [155]
Overfull \hbox (5.23006pt too wide) in paragraph at lines 9021--9022
[]\TU/lmr/m/n/9 Since $\OML/cmm/m/it/9 D[]; D[]$ \TU/lmr/m/n/9 are not squares,
 we know $\OML/cmm/m/it/9 F\OMX/MnSymbolE/m/n/9 ^^88[]^^8d~\OML/cmm/m/it/9 F$
 []


Overfull \hbox (5.74785pt too wide) in paragraph at lines 9037--9038
\TU/lmr/m/it/9 isomorphic to $\OML/cmm/m/it/9 V[]$\TU/lmr/m/it/9 . Prove that $
\OML/cmm/m/it/9 K \U/MnSymbolD/m/n/9 ^^@ \OML/cmm/m/it/9 F\OMX/MnSymbolE/m/n/9 
^^88[]\OML/cmm/m/it/9 ; []\OMX/MnSymbolE/m/n/9 ^^8d$ \TU/lmr/m/it/9 where $\OML
/cmm/m/it/9 D[]; D[] \U/MnSymbolD/m/n/9 >
 []


Overfull \hbox (30.72699pt too wide) in paragraph at lines 9046--9047
 []\TU/lmr/m/n/9 . 
 []

[156] [157] [158] [159] [160] [161]
Overfull \hbox (20.06192pt too wide) in paragraph at lines 9389--9391
\TU/lmr/m/n/9 prime. Assume that $[] \U/MnSymbolD/m/n/9 > \U/msb/m/n/9 Q\OMX/Mn
SymbolE/m/n/9 ^^88[]\OML/cmm/m/it/9 ; :::; []\OMX/MnSymbolE/m/n/9 ^^8d$\TU/lmr/
m/n/9 . So $[] \U/MnSymbolD/m/n/9 ^^@ [][] \OML/cmm/m/it/9 a[][]; a[] \U/MnSymb
olD/m/n/9 >
 []

[162] [163]
Overfull \hbox (2.7768pt too wide) in paragraph at lines 9492--9493
[][][]\TU/lmr/m/sc/9 Example \TU/lmr/m/n/9 14.43\TU/lmr/m/sc/9 . []\TU/lmr/m/n/
9 Let $\OML/cmm/m/it/9 K \U/MnSymbolD/m/n/9 ^^@ \U/msb/m/n/9 F[]\OMX/MnSymbolE/
m/n/9 ^^88\OML/cmm/m/it/9 x; y\OMX/MnSymbolE/m/n/9 ^^8d$\TU/lmr/m/n/9 , $\OML/c
mm/m/it/9 F \U/MnSymbolD/m/n/9 ^^@ \U/msb/m/n/9 F[]\OMX/MnSymbolE/m/n/9 ^^88\OM
L/cmm/m/it/9 x[]; y[]\OMX/MnSymbolE/m/n/9 ^^8d$\TU/lmr/m/n/9 . $\OML/cmm/m/it/9
 K\OMX/MnSymbolE/m/n/9 ~\OML/cmm/m/it/9 F$ \TU/lmr/m/n/9 is non-separable,
 []

[164]
Underfull \vbox (badness 1400) has occurred while \output is active []

 [165]

Package hyperref Warning: Token not allowed in a PDF string (Unicode):
(hyperref)                removing `math shift' on input line 9601.


Package hyperref Warning: Token not allowed in a PDF string (Unicode):
(hyperref)                removing `math shift' on input line 9601.

[166] [167]
Overfull \hbox (16.73357pt too wide) in paragraph at lines 9761--9762
[]\TU/lmr/m/n/9 So there is a primitive root of unity, $\OML/cmm/m/it/9 !$\TU/l
mr/m/n/9 , such that all roots are $\OT1/cmr/m/n/9 1\OML/cmm/m/it/9 ; !; ![]; :
::; ![]$\TU/lmr/m/n/9 .
 []

[168] [169]
Overfull \hbox (13.2854pt too wide) in paragraph at lines 9825--9826
\TU/lmr/m/n/9 so $\OML/cmm/m/it/9 K[]\OMX/MnSymbolE/m/n/9 ~\OML/cmm/m/it/9 F[]$
 \TU/lmr/m/n/9 is also polyradical, since if $\OML/cmm/m/it/9 K[] \U/MnSymbolD/
m/n/9 ^^@ \OML/cmm/m/it/9 K[]\OMX/MnSymbolE/m/n/9 ^^88[]^^8d$\TU/lmr/m/n/9 , th
en $\OML/cmm/m/it/9 F[]K[] \U/MnSymbolD/m/n/9 ^^@ \OML/cmm/m/it/9 F[]K[]\OMX/Mn
SymbolE/m/n/9 ^^88[]^^8d$\TU/lmr/m/n/9 .
 []

[170] [171]

LaTeX Warning: Command \i invalid in math mode on input line 9964.

Missing character: There is no ı in font cmmi9!

Underfull \vbox (badness 3158) has occurred while \output is active []

 [172]
Overfull \hbox (6.0765pt too wide) in paragraph at lines 10015--10016
[]\TU/lmr/m/n/9 Take $\OML/cmm/m/it/9 K \U/MnSymbolD/m/n/9 ^^@ \OML/cmm/m/it/9 
F\OMX/MnSymbolE/m/n/9 ^^88\OML/cmm/m/it/9 x[]; :::; x[]\OMX/MnSymbolE/m/n/9 ^^8
d$\TU/lmr/m/n/9 , $\OML/cmm/m/it/9 G$ \TU/lmr/m/n/9 acts on these variables, $[
]\OMX/MnSymbolE/m/n/9 ^^88\OML/cmm/m/it/9 F\OMX/MnSymbolE/m/n/9 ^^8d \U/MnSymbo
lD/m/n/9 ^^@ \OML/cmm/m/it/9 L$\TU/lmr/m/n/9 , $[]\OMX/MnSymbolE/m/n/9 ^^88\OML
/cmm/m/it/9 K\OMX/MnSymbolE/m/n/9 ~\OML/cmm/m/it/9 L\OMX/MnSymbolE/m/n/9 ^^8d \
U/MnSymbolD/m/n/9 ^^L
 []

[173] [174


]
Appendix A
[175] [176]
Appendix B
[177


]
Overfull \hbox (13.33041pt too wide) in paragraph at lines 10171--10173
\TU/lmr/m/n/9 So $\OML/cmm/m/it/9 Ann\OMX/MnSymbolE/m/n/9 ^^88\OML/cmm/m/it/9 a
[]\OMX/MnSymbolE/m/n/9 ^^8d \U/MnSymbolC/m/n/9 9 \OML/cmm/m/it/9 Ann\OMX/MnSymb
olE/m/n/9 ^^88\OML/cmm/m/it/9 a[]\OMX/MnSymbolE/m/n/9 ^^8d \U/MnSymbolD/m/n/9 ^
^@ \OT1/cmr/m/n/9 0$\TU/lmr/m/n/9 . So by Theorem [][]10.67[][] we know $\OML/c
mm/m/it/9 Ann\OMX/MnSymbolE/m/n/9 ^^88\OML/cmm/m/it/9 a[]a[]\OMX/MnSymbolE/m/n/
9 ^^8d \U/MnSymbolD/m/n/9 ^^@
 []

[178]
Overfull \hbox (6.47627pt too wide) in paragraph at lines 10249--10250
[]\TU/lmr/bx/n/9 Injectivity:  \TU/lmr/m/n/9 Let $\OT1/cmr/m/n/9 ^^H\OMX/MnSymb
olE/m/n/9 ^^88^^88\OML/cmm/m/it/9 '[];  []\OMX/MnSymbolE/m/n/9 ^^8d^^8d \U/MnSy
mbolD/m/n/9 ^^@ \OML/cmm/m/it/9 '[] \U/MnSymbolC/m/n/9 ^^T \OML/cmm/m/it/9  [] 
\U/MnSymbolD/m/n/9 ^^@ \OML/cmm/m/it/9 '[] \U/MnSymbolC/m/n/9 ^^T \OML/cmm/m/it
/9  [] \U/MnSymbolD/m/n/9 ^^@ \OT1/cmr/m/n/9 ^^H\OMX/MnSymbolE/m/n/9 ^^88^^88\O
ML/cmm/m/it/9 '[];  []\OMX/MnSymbolE/m/n/9 ^^8d^^8d \U/MnSymbolD/m/n/9 >
 []


Overfull \hbox (34.23512pt too wide) in paragraph at lines 10261--10262
[]\TU/lmr/m/n/9 Now Hom$\OMX/MnSymbolE/m/n/9 ^^88\OML/cmm/m/it/9 R[]; M\OMX/MnS
ymbolE/m/n/9 ^^8d \U/MnSymbolD/m/n/9 ^^L \OML/cmm/m/it/9 M[]$\TU/lmr/m/n/9 , si
nce we map $\OML/cmm/m/it/9 ' \U/MnSymbolA/m/n/9 ( \OMX/MnSymbolE/m/n/9 ^^88\OM
L/cmm/m/it/9 '\OMX/MnSymbolE/m/n/9 ^^88\OML/cmm/m/it/9 e[]\OMX/MnSymbolE/m/n/9 
^^8d\OML/cmm/m/it/9 ; :::; '\OMX/MnSymbolE/m/n/9 ^^88\OML/cmm/m/it/9 e[]\OMX/Mn
SymbolE/m/n/9 ^^8d^^8d$\TU/lmr/m/n/9 .
 []

[179] [180] [181] [182] [183] [184


]
Appendix C
[185] [186


]
Appendix D
[187] [188]
Missing character: There is no ∗ in font cmr9!
 [189]
Overfull \hbox (39.35095pt too wide) detected at line 10717
[][][]
 []

[190] [191] [192]
Underfull \vbox (badness 2245) has occurred while \output is active []

 [193]
Overfull \hbox (1.50662pt too wide) in paragraph at lines 11012--11013
[]\TU/lmr/m/n/9 Recall that the \TU/lmr/bx/n/9 characteristic polynomial is jus
t the prod-
 []

[194] [195] [196] [197] [198


]
Appendix E
[199]
Overfull \hbox (9.94556pt too wide) in paragraph at lines 11280--11280
[]\TU/lmr/m/n/9 let $\OML/cmm/m/it/9 M; N$ \TU/lmr/m/n/9 be free of ranks $\OML
/cmm/m/it/9 m; n$ \TU/lmr/m/n/9 and let $[]$ and $[]$
 []

[200] [201] [202


]
Appendix F
[203] [204] [205] [206]
Appendix G
[207


]
Overfull \hbox (20.87868pt too wide) in paragraph at lines 11640--11641
 [] 
 []

[208] [209] [210


]
Appendix H
[211] [212


]
Appendix I

Overfull \hbox (2.1322pt too wide) in paragraph at lines 11690--11691
[][][]\TU/lmr/m/sc/9 Definition \TU/lmr/m/n/9 I.5\TU/lmr/m/sc/9 . []\TU/lmr/m/n
/9 Galois extension $\OML/cmm/m/it/9 K\OMX/MnSymbolE/m/n/9 ~\OML/cmm/m/it/9 F$ 
\TU/lmr/m/n/9 is \TU/lmr/bx/n/9 abelian \TU/lmr/m/n/9 if Gal$\OMX/MnSymbolE/m/n
/9 ^^88\OML/cmm/m/it/9 K\OMX/MnSymbolE/m/n/9 ~\OML/cmm/m/it/9 F\OMX/MnSymbolE/m
/n/9 ^^8d$ \TU/lmr/m/n/9 is abelian.
 []

[213] [214] [215] [216]
No file "Math 5591H Notes".bbl.
runsystem(makeindex "Math 5591H Notes".idx)...executed (allowed).

("Math 5591H Notes.ind"
Index
) [217








]
Package atveryend Info: Empty hook `BeforeClearDocument' on input line 11909.
Package atveryend Info: Empty hook `AfterLastShipout' on input line 11909.
 ("Math 5591H Notes.aux")
Package atveryend Info: Empty hook `AtVeryEndDocument' on input line 11909.
Package atveryend Info: Empty hook `AtEndAfterFileList' on input line 11909.


LaTeX Warning: Label(s) may have changed. Rerun to get cross-references right.

Package atveryend Info: Empty hook `AtVeryVeryEnd' on input line 11909.
 ) 
Here is how much of TeX's memory you used:
 33361 strings out of 427834
 608143 string characters out of 3152461
 690551 words of memory out of 3000000
 36664 multiletter control sequences out of 15000+200000
 22729 words of font info for 107 fonts, out of 3000000 for 9000
 1489 hyphenation exceptions out of 8191
 61i,22n,82p,1360b,1217s stack positions out of 5000i,500n,10000p,200000b,50000s

Output written on Math 5591H Notes.pdf (223 pages).
